Using pre-set license
Built from '2020.3/staging' branch; Version is '2020.3.19f1 (68f137dc9bbe) revision 6877495'; Using compiler version '192528614'; Build Type 'Release'
OS: 'Windows 10 Pro; OS build 19043.1348; Version 2009; 64bit' Language: 'es' Physical Memory: 16342 MB
BatchMode: 1, IsHumanControllingUs: 0, StartBugReporterOnCrash: 0, Is64bit: 1, IsPro: 0

COMMAND LINE ARGUMENTS:
C:\Program Files\Unity\Hub\Editor\2020.3.19f1\Editor\Unity.exe
-adb2
-batchMode
-noUpm
-name
AssetImportWorker0
-projectPath
D:/marta_cirer/unity/Proyectofinal_1/Proyectofinal_1ev
-logFile
Logs/AssetImportWorker0.log
-srvPort
51774
Successfully changed project path to: D:/marta_cirer/unity/Proyectofinal_1/Proyectofinal_1ev
D:/marta_cirer/unity/Proyectofinal_1/Proyectofinal_1ev
Using Asset Import Pipeline V2.
Refreshing native plugins compatible for Editor in 65.93 ms, found 2 plugins.
Preloading 0 native plugins for Editor in 0.00 ms.
Initialize engine version: 2020.3.19f1 (68f137dc9bbe)
[Subsystems] Discovering subsystems at path C:/Program Files/Unity/Hub/Editor/2020.3.19f1/Editor/Data/Resources/UnitySubsystems
[Subsystems] Discovering subsystems at path D:/marta_cirer/unity/Proyectofinal_1/Proyectofinal_1ev/Assets
GfxDevice: creating device client; threaded=0
Direct3D:
    Version:  Direct3D 11.0 [level 11.1]
    Renderer: NVIDIA GeForce GTX 1050 Ti (ID=0x1c82)
    Vendor:   
    VRAM:     4018 MB
    Driver:   27.21.14.5671
Initialize mono
Mono path[0] = 'C:/Program Files/Unity/Hub/Editor/2020.3.19f1/Editor/Data/Managed'
Mono path[1] = 'C:/Program Files/Unity/Hub/Editor/2020.3.19f1/Editor/Data/MonoBleedingEdge/lib/mono/unityjit'
Mono config path = 'C:/Program Files/Unity/Hub/Editor/2020.3.19f1/Editor/Data/MonoBleedingEdge/etc'
Using monoOptions --debugger-agent=transport=dt_socket,embedding=1,server=y,suspend=n,address=127.0.0.1:56980
Begin MonoManager ReloadAssembly
Registering precompiled unity dll's ...
Register platform support module: C:/Program Files/Unity/Hub/Editor/2020.3.19f1/Editor/Data/PlaybackEngines/WindowsStandaloneSupport/UnityEditor.WindowsStandalone.Extensions.dll
Registered in 0.002341 seconds.
Native extension for WindowsStandalone target not found
Refreshing native plugins compatible for Editor in 33.33 ms, found 2 plugins.
Preloading 0 native plugins for Editor in 0.00 ms.
Mono: successfully reloaded assembly
- Completed reload, in  1.182 seconds
Domain Reload Profiling:
	ReloadAssembly (1182ms)
		BeginReloadAssembly (65ms)
			ExecutionOrderSort (0ms)
			DisableScriptedObjects (0ms)
			BackupInstance (0ms)
			ReleaseScriptingObjects (0ms)
			CreateAndSetChildDomain (1ms)
		EndReloadAssembly (456ms)
			LoadAssemblies (62ms)
			RebuildTransferFunctionScriptingTraits (0ms)
			SetupTypeCache (170ms)
			ReleaseScriptCaches (0ms)
			RebuildScriptCaches (38ms)
			SetupLoadedEditorAssemblies (171ms)
				LogAssemblyErrors (0ms)
				InitializePlatformSupportModulesInManaged (4ms)
				SetLoadedEditorAssemblies (0ms)
				RefreshPlugins (33ms)
				BeforeProcessingInitializeOnLoad (9ms)
				ProcessInitializeOnLoadAttributes (91ms)
				ProcessInitializeOnLoadMethodAttributes (33ms)
				AfterProcessingInitializeOnLoad (0ms)
				EditorAssembliesLoaded (0ms)
			ExecutionOrderSort2 (0ms)
			AwakeInstancesAfterBackupRestoration (0ms)
Platform modules already initialized, skipping
Registering precompiled user dll's ...
Registered in 0.003024 seconds.
Begin MonoManager ReloadAssembly
Native extension for WindowsStandalone target not found
Refreshing native plugins compatible for Editor in 0.35 ms, found 2 plugins.
Preloading 0 native plugins for Editor in 0.00 ms.
Mono: successfully reloaded assembly
- Completed reload, in  1.133 seconds
Domain Reload Profiling:
	ReloadAssembly (1134ms)
		BeginReloadAssembly (162ms)
			ExecutionOrderSort (0ms)
			DisableScriptedObjects (5ms)
			BackupInstance (0ms)
			ReleaseScriptingObjects (0ms)
			CreateAndSetChildDomain (20ms)
		EndReloadAssembly (903ms)
			LoadAssemblies (96ms)
			RebuildTransferFunctionScriptingTraits (0ms)
			SetupTypeCache (304ms)
			ReleaseScriptCaches (0ms)
			RebuildScriptCaches (52ms)
			SetupLoadedEditorAssemblies (344ms)
				LogAssemblyErrors (0ms)
				InitializePlatformSupportModulesInManaged (5ms)
				SetLoadedEditorAssemblies (0ms)
				RefreshPlugins (0ms)
				BeforeProcessingInitializeOnLoad (66ms)
				ProcessInitializeOnLoadAttributes (259ms)
				ProcessInitializeOnLoadMethodAttributes (5ms)
				AfterProcessingInitializeOnLoad (7ms)
				EditorAssembliesLoaded (0ms)
			ExecutionOrderSort2 (0ms)
			AwakeInstancesAfterBackupRestoration (7ms)
Platform modules already initialized, skipping
========================================================================
Worker process is ready to serve import requests
Launched and connected shader compiler UnityShaderCompiler.exe after 0.05 seconds
Refreshing native plugins compatible for Editor in 0.34 ms, found 2 plugins.
Preloading 0 native plugins for Editor in 0.00 ms.
Unloading 1569 Unused Serialized files (Serialized files now loaded: 0)
System memory in use before: 71.6 MB.
System memory in use after: 71.6 MB.

Unloading 17 unused Assets to reduce memory usage. Loaded Objects now: 2004.
Total: 3.184800 ms (FindLiveObjects: 0.159200 ms CreateObjectMapping: 0.059300 ms MarkObjects: 2.852500 ms  DeleteObjects: 0.112600 ms)

AssetImportParameters requested are different than current active one (requested -> active):
  custom:framework-win-MediaFoundation: 216162199b28c13a410421893ffa2e32 -> 
  custom:video-decoder-ogg-theora: a1e56fd34408186e4bbccfd4996cb3dc -> 
  custom:container-muxer-webm: aa71ff27fc2769a1b78a27578f13a17b -> 
  custom:container-demuxer-webm: 4f35f7cbe854078d1ac9338744f61a02 -> 
  custom:container-demuxer-ogg: 62fdf1f143b41e24485cea50d1cbac27 -> 
  custom:video-encoder-webm-vp8: eb34c28f22e8b96e1ab97ce403110664 -> 
  custom:video-decoder-webm-vp8: 9c59270c3fd7afecdb556c50c9e8de78 -> 
  custom:audio-decoder-ogg-vorbis: bf7c407c2cedff20999df2af8eb42d56 -> 
  custom:audio-encoder-webm-vorbis: bf7c407c2cedff20999df2af8eb42d56 -> 
========================================================================
Received Import Request.
  path: Assets/Samples/Cinemachine/2.6.11/Cinemachine Example Scenes
  artifactKey: Guid(ef5df2d7436cbf844a154abfc2e8f948) Importer(815301076,1909f56bfc062723c751e8b465ee728b)
Start importing Assets/Samples/Cinemachine/2.6.11/Cinemachine Example Scenes using Guid(ef5df2d7436cbf844a154abfc2e8f948) Importer(815301076,1909f56bfc062723c751e8b465ee728b)  -> (artifact id: '3ab2295b66acaefbb4ad739b1fdbe22d') in 0.004976 seconds 
  Import took 0.007729 seconds .

========================================================================
Received Import Request.
  Time since last request: 14.055064 seconds.
  path: Assets/Scenes
  artifactKey: Guid(18a5c10894d87d44088aae49ba937c65) Importer(815301076,1909f56bfc062723c751e8b465ee728b)
Start importing Assets/Scenes using Guid(18a5c10894d87d44088aae49ba937c65) Importer(815301076,1909f56bfc062723c751e8b465ee728b)  -> (artifact id: '4ec64687ff6eecbd379230850f3dfeaa') in 0.002084 seconds 
  Import took 0.004938 seconds .

========================================================================
Received Import Request.
  Time since last request: 0.609049 seconds.
  path: Assets/Samples
  artifactKey: Guid(83112089b1b3992409a5b8513f648caf) Importer(815301076,1909f56bfc062723c751e8b465ee728b)
Start importing Assets/Samples using Guid(83112089b1b3992409a5b8513f648caf) Importer(815301076,1909f56bfc062723c751e8b465ee728b)  -> (artifact id: '3aad873910e32737df15758891281a16') in 0.003308 seconds 
  Import took 0.006485 seconds .

========================================================================
Received Import Request.
  Time since last request: 0.696421 seconds.
  path: Assets/Samples/Cinemachine
  artifactKey: Guid(31173f3ab7456f1489bce37174c7f967) Importer(815301076,1909f56bfc062723c751e8b465ee728b)
Start importing Assets/Samples/Cinemachine using Guid(31173f3ab7456f1489bce37174c7f967) Importer(815301076,1909f56bfc062723c751e8b465ee728b)  -> (artifact id: '52340a6e15ee4d82556958db6a847956') in 0.003462 seconds 
  Import took 0.006338 seconds .

========================================================================
Received Import Request.
  Time since last request: 0.609799 seconds.
  path: Assets/Samples/Cinemachine/2.6.11
  artifactKey: Guid(8dade3c68e4c9dc4898ccef875d6ca6c) Importer(815301076,1909f56bfc062723c751e8b465ee728b)
Start importing Assets/Samples/Cinemachine/2.6.11 using Guid(8dade3c68e4c9dc4898ccef875d6ca6c) Importer(815301076,1909f56bfc062723c751e8b465ee728b)  -> (artifact id: '605a0dccbcf6a0740072ef8cf1a801fc') in 0.003486 seconds 
  Import took 0.006426 seconds .

========================================================================
Received Import Request.
  Time since last request: 2.129974 seconds.
  path: Assets/Samples/Cinemachine/2.6.11/Cinemachine Example Scenes/Scenes
  artifactKey: Guid(2fc3b640bf45545a3a0f72732b6c6f45) Importer(815301076,1909f56bfc062723c751e8b465ee728b)
Start importing Assets/Samples/Cinemachine/2.6.11/Cinemachine Example Scenes/Scenes using Guid(2fc3b640bf45545a3a0f72732b6c6f45) Importer(815301076,1909f56bfc062723c751e8b465ee728b)  -> (artifact id: '88644deef2744c03983e1d0cad2e7310') in 0.002106 seconds 
  Import took 0.005052 seconds .

========================================================================
Received Import Request.
  Time since last request: 298.518522 seconds.
  path: Assets/Samples/Cinemachine/2.6.11/Cinemachine Example Scenes/Shared/Models/UnityCharacter/Models/DefaultMale.fbx
  artifactKey: Guid(8837f192a88abd84da9f1907d0b6bdb4) Importer(815301076,1909f56bfc062723c751e8b465ee728b)
Start importing Assets/Samples/Cinemachine/2.6.11/Cinemachine Example Scenes/Shared/Models/UnityCharacter/Models/DefaultMale.fbx using Guid(8837f192a88abd84da9f1907d0b6bdb4) Importer(815301076,1909f56bfc062723c751e8b465ee728b)  -> (artifact id: '80435c66de676c21b586905bc49e64ec') in 0.719563 seconds 
  Import took 0.723042 seconds .

========================================================================
Received Import Request.
  Time since last request: 0.000329 seconds.
  path: Assets/Samples/Cinemachine/2.6.11/Cinemachine Example Scenes/Shared/Prefabs/FBX/ProB_Floor_1Wall_10x10.fbx
  artifactKey: Guid(f4737444c0dcc1a42804e080a539da5f) Importer(815301076,1909f56bfc062723c751e8b465ee728b)
Start importing Assets/Samples/Cinemachine/2.6.11/Cinemachine Example Scenes/Shared/Prefabs/FBX/ProB_Floor_1Wall_10x10.fbx using Guid(f4737444c0dcc1a42804e080a539da5f) Importer(815301076,1909f56bfc062723c751e8b465ee728b)  -> (artifact id: '99810e061d1d36a1cd77d77abe1b0d78') in 0.220671 seconds 
  Import took 0.223262 seconds .

========================================================================
Received Import Request.
  Time since last request: 0.000230 seconds.
  path: Assets/Samples/Cinemachine/2.6.11/Cinemachine Example Scenes/Shared/Prefabs/Environment_Corridor.prefab
  artifactKey: Guid(c177cbc5ca174ed438dba27b2b52e70c) Importer(815301076,1909f56bfc062723c751e8b465ee728b)
Start importing Assets/Samples/Cinemachine/2.6.11/Cinemachine Example Scenes/Shared/Prefabs/Environment_Corridor.prefab using Guid(c177cbc5ca174ed438dba27b2b52e70c) Importer(815301076,1909f56bfc062723c751e8b465ee728b)  -> (artifact id: '5243dad418c019ac2fb58177c2a7e4bb') in 0.017991 seconds 
  Import took 0.021345 seconds .

========================================================================
Received Import Request.
  Time since last request: 0.000206 seconds.
  path: Assets/Samples/Cinemachine/2.6.11/Cinemachine Example Scenes/Shared/Prefabs/Environment_CorridorMixingCam.prefab
  artifactKey: Guid(309ca2bfc1e81fa4eb43845cbdf4a42b) Importer(815301076,1909f56bfc062723c751e8b465ee728b)
Start importing Assets/Samples/Cinemachine/2.6.11/Cinemachine Example Scenes/Shared/Prefabs/Environment_CorridorMixingCam.prefab using Guid(309ca2bfc1e81fa4eb43845cbdf4a42b) Importer(815301076,1909f56bfc062723c751e8b465ee728b)  -> (artifact id: '734ad126e5f0d10e80197ee9ff26e9c7') in 0.009981 seconds 
  Import took 0.013410 seconds .

========================================================================
Received Import Request.
  Time since last request: 0.000263 seconds.
  path: Assets/Samples/Cinemachine/2.6.11/Cinemachine Example Scenes/Shared/Prefabs/Stage1.prefab
  artifactKey: Guid(b6a68029251c6c54ea270e3724819861) Importer(815301076,1909f56bfc062723c751e8b465ee728b)
Start importing Assets/Samples/Cinemachine/2.6.11/Cinemachine Example Scenes/Shared/Prefabs/Stage1.prefab using Guid(b6a68029251c6c54ea270e3724819861) Importer(815301076,1909f56bfc062723c751e8b465ee728b)  -> (artifact id: '139e2d29d198a4dc3160544e6ebb8330') in 0.011988 seconds 
  Import took 0.015977 seconds .

========================================================================
Received Import Request.
  Time since last request: 0.000179 seconds.
  path: Assets/Samples/Cinemachine/2.6.11/Cinemachine Example Scenes/Shared/Prefabs/FBX/ProB_Floor_UWall_10x10.fbx
  artifactKey: Guid(07bcacf203be81246a39038d917a137e) Importer(815301076,1909f56bfc062723c751e8b465ee728b)
Start importing Assets/Samples/Cinemachine/2.6.11/Cinemachine Example Scenes/Shared/Prefabs/FBX/ProB_Floor_UWall_10x10.fbx using Guid(07bcacf203be81246a39038d917a137e) Importer(815301076,1909f56bfc062723c751e8b465ee728b)  -> (artifact id: 'd0b148b184ecd8ecce7d91b4fa0b5115') in 0.015141 seconds 
  Import took 0.017940 seconds .

========================================================================
Received Import Request.
  Time since last request: 0.000208 seconds.
  path: Assets/Samples/Cinemachine/2.6.11/Cinemachine Example Scenes/Shared/Prefabs/Stage2.prefab
  artifactKey: Guid(df69f5ef4222b65458627bdaf63f9039) Importer(815301076,1909f56bfc062723c751e8b465ee728b)
Start importing Assets/Samples/Cinemachine/2.6.11/Cinemachine Example Scenes/Shared/Prefabs/Stage2.prefab using Guid(df69f5ef4222b65458627bdaf63f9039) Importer(815301076,1909f56bfc062723c751e8b465ee728b)  -> (artifact id: '43ebcce4f85476b0c5fa955add661ea6') in 0.114588 seconds 
  Import took 0.118228 seconds .

========================================================================
Received Import Request.
  Time since last request: 0.000278 seconds.
  path: Assets/Samples/Cinemachine/2.6.11/Cinemachine Example Scenes/Shared/Models/UnityCharacter/Animations/Sprint.fbx
  artifactKey: Guid(7fa1f9e8c2e4188478cbd5a152ce790e) Importer(815301076,1909f56bfc062723c751e8b465ee728b)
Start importing Assets/Samples/Cinemachine/2.6.11/Cinemachine Example Scenes/Shared/Models/UnityCharacter/Animations/Sprint.fbx using Guid(7fa1f9e8c2e4188478cbd5a152ce790e) Importer(815301076,1909f56bfc062723c751e8b465ee728b)  -> (artifact id: 'dd1a846dd0ed435eb53a33bdbfbb1c92') in 0.009083 seconds 
  Import took 0.012309 seconds .

========================================================================
Received Import Request.
  Time since last request: 0.000247 seconds.
  path: Assets/Samples/Cinemachine/2.6.11/Cinemachine Example Scenes/Shared/Models/UnityCharacter/Animations/Jog.fbx
  artifactKey: Guid(fdc39e3202ebc4d4a8a473fd95fcff55) Importer(815301076,1909f56bfc062723c751e8b465ee728b)
Start importing Assets/Samples/Cinemachine/2.6.11/Cinemachine Example Scenes/Shared/Models/UnityCharacter/Animations/Jog.fbx using Guid(fdc39e3202ebc4d4a8a473fd95fcff55) Importer(815301076,1909f56bfc062723c751e8b465ee728b)  -> (artifact id: '05acc5f4ffe6c083ba3e9023bd1b2941') in 0.009552 seconds 
  Import took 0.012910 seconds .

========================================================================
Received Import Request.
  Time since last request: 0.000262 seconds.
  path: Assets/Samples/Cinemachine/2.6.11/Cinemachine Example Scenes/Shared/Models/UnityCharacter/Prefabs/3rdPersonController.prefab
  artifactKey: Guid(f9dee39d229a4bb4087224760ba2d338) Importer(815301076,1909f56bfc062723c751e8b465ee728b)
Start importing Assets/Samples/Cinemachine/2.6.11/Cinemachine Example Scenes/Shared/Models/UnityCharacter/Prefabs/3rdPersonController.prefab using Guid(f9dee39d229a4bb4087224760ba2d338) Importer(815301076,1909f56bfc062723c751e8b465ee728b)  -> (artifact id: '5464c10cf8f9add8461e694a80345087') in 0.131148 seconds 
  Import took 0.135279 seconds .

========================================================================
Received Import Request.
  Time since last request: 0.000282 seconds.
  path: Assets/Samples/Cinemachine/2.6.11/Cinemachine Example Scenes/Shared/Prefabs/Environment_Narrow_Walls.prefab
  artifactKey: Guid(0998cc0e377e9034c86e90787a3070b0) Importer(815301076,1909f56bfc062723c751e8b465ee728b)
Start importing Assets/Samples/Cinemachine/2.6.11/Cinemachine Example Scenes/Shared/Prefabs/Environment_Narrow_Walls.prefab using Guid(0998cc0e377e9034c86e90787a3070b0) Importer(815301076,1909f56bfc062723c751e8b465ee728b)  -> (artifact id: '3d7993b72aebbf722ec64b15897ea6eb') in 0.010543 seconds 
  Import took 0.013503 seconds .

========================================================================
Received Import Request.
  Time since last request: 0.000293 seconds.
  path: Assets/Samples/Cinemachine/2.6.11/Cinemachine Example Scenes/Shared/Prefabs/FBX/ProB_Wall_10x4.fbx
  artifactKey: Guid(8801006d6478aea478f9320df4476f30) Importer(815301076,1909f56bfc062723c751e8b465ee728b)
Start importing Assets/Samples/Cinemachine/2.6.11/Cinemachine Example Scenes/Shared/Prefabs/FBX/ProB_Wall_10x4.fbx using Guid(8801006d6478aea478f9320df4476f30) Importer(815301076,1909f56bfc062723c751e8b465ee728b)  -> (artifact id: 'e42aae0a45cee00363a70af12b9b0bc5') in 0.015597 seconds 
  Import took 0.018804 seconds .

========================================================================
Received Import Request.
  Time since last request: 0.000272 seconds.
  path: Assets/Samples/Cinemachine/2.6.11/Cinemachine Example Scenes/Shared/Prefabs/FBX/ProB_Floor_10x10.fbx
  artifactKey: Guid(47d4df8e0a6e85a4c8448ec117ba07df) Importer(815301076,1909f56bfc062723c751e8b465ee728b)
Start importing Assets/Samples/Cinemachine/2.6.11/Cinemachine Example Scenes/Shared/Prefabs/FBX/ProB_Floor_10x10.fbx using Guid(47d4df8e0a6e85a4c8448ec117ba07df) Importer(815301076,1909f56bfc062723c751e8b465ee728b)  -> (artifact id: 'd7baa85c25c5257d6d1e312eee94b6ea') in 0.013372 seconds 
  Import took 0.017077 seconds .

========================================================================
Received Import Request.
  Time since last request: 0.000258 seconds.
  path: Assets/Samples/Cinemachine/2.6.11/Cinemachine Example Scenes/Shared/Models/UnityCharacter/Animations/Walk.fbx
  artifactKey: Guid(13caa80bbe9b34403bda844d1694d394) Importer(815301076,1909f56bfc062723c751e8b465ee728b)
Start importing Assets/Samples/Cinemachine/2.6.11/Cinemachine Example Scenes/Shared/Models/UnityCharacter/Animations/Walk.fbx using Guid(13caa80bbe9b34403bda844d1694d394) Importer(815301076,1909f56bfc062723c751e8b465ee728b)  -> (artifact id: 'a30dd816bc1e6cb35f50ad259d19b6e7') in 0.008579 seconds 
  Import took 0.011556 seconds .

========================================================================
Received Import Request.
  Time since last request: 0.000260 seconds.
  path: Assets/Samples/Cinemachine/2.6.11/Cinemachine Example Scenes/Shared/Prefabs/Environment_2D.prefab
  artifactKey: Guid(50d4e9899bac3164ea7e01493f0b5124) Importer(815301076,1909f56bfc062723c751e8b465ee728b)
Start importing Assets/Samples/Cinemachine/2.6.11/Cinemachine Example Scenes/Shared/Prefabs/Environment_2D.prefab using Guid(50d4e9899bac3164ea7e01493f0b5124) Importer(815301076,1909f56bfc062723c751e8b465ee728b)  -> (artifact id: '1e9b20676be28a4d90dce122b5aaa33c') in 0.011192 seconds 
  Import took 0.014288 seconds .

========================================================================
Received Import Request.
  Time since last request: 0.000308 seconds.
  path: Assets/Samples/Cinemachine/2.6.11/Cinemachine Example Scenes/Shared/Prefabs/FBX/ProB_Floor_10x4.fbx
  artifactKey: Guid(52ec9a50889c9784f920590c3e0d8c68) Importer(815301076,1909f56bfc062723c751e8b465ee728b)
Start importing Assets/Samples/Cinemachine/2.6.11/Cinemachine Example Scenes/Shared/Prefabs/FBX/ProB_Floor_10x4.fbx using Guid(52ec9a50889c9784f920590c3e0d8c68) Importer(815301076,1909f56bfc062723c751e8b465ee728b)  -> (artifact id: '3339a4c6c4f2cc699ea4c14a34eebbaa') in 0.014885 seconds 
  Import took 0.017922 seconds .

========================================================================
Received Import Request.
  Time since last request: 0.000314 seconds.
  path: Assets/Samples/Cinemachine/2.6.11/Cinemachine Example Scenes/Shared/Prefabs/Corridors_1_2.prefab
  artifactKey: Guid(dceeb5c475cd2fb4db1d3436877a7f81) Importer(815301076,1909f56bfc062723c751e8b465ee728b)
Start importing Assets/Samples/Cinemachine/2.6.11/Cinemachine Example Scenes/Shared/Prefabs/Corridors_1_2.prefab using Guid(dceeb5c475cd2fb4db1d3436877a7f81) Importer(815301076,1909f56bfc062723c751e8b465ee728b)  -> (artifact id: 'b26950ade2bbf6f60e7642016c9876e5') in 0.010821 seconds 
  Import took 0.014251 seconds .

========================================================================
Received Import Request.
  Time since last request: 0.000209 seconds.
  path: Assets/Samples/Cinemachine/2.6.11/Cinemachine Example Scenes/Shared/Prefabs/Environment_Clear_BluePedestal.prefab
  artifactKey: Guid(61745ace033145746897f4e80481de5f) Importer(815301076,1909f56bfc062723c751e8b465ee728b)
Start importing Assets/Samples/Cinemachine/2.6.11/Cinemachine Example Scenes/Shared/Prefabs/Environment_Clear_BluePedestal.prefab using Guid(61745ace033145746897f4e80481de5f) Importer(815301076,1909f56bfc062723c751e8b465ee728b)  -> (artifact id: 'e440fe0bc66e095fa7a777c371defc09') in 0.011789 seconds 
  Import took 0.015210 seconds .

========================================================================
Received Import Request.
  Time since last request: 0.000199 seconds.
  path: Assets/Samples/Cinemachine/2.6.11/Cinemachine Example Scenes/Shared/Models/UnityCharacter/Animations/Idle.fbx
  artifactKey: Guid(080945c46afd34f3ebc364c1696e6678) Importer(815301076,1909f56bfc062723c751e8b465ee728b)
Start importing Assets/Samples/Cinemachine/2.6.11/Cinemachine Example Scenes/Shared/Models/UnityCharacter/Animations/Idle.fbx using Guid(080945c46afd34f3ebc364c1696e6678) Importer(815301076,1909f56bfc062723c751e8b465ee728b)  -> (artifact id: '68cbf9a10b0b6b91f3dd6d24dbbd3d8c') in 0.120756 seconds 
  Import took 0.124424 seconds .

========================================================================
Received Import Request.
  Time since last request: 0.000339 seconds.
  path: Assets/Samples/Cinemachine/2.6.11/Cinemachine Example Scenes/Shared/Prefabs/FBX/ProB_Floor_2Walls_10x10.fbx
  artifactKey: Guid(d0a29522a2fadfb4f8ca407cd2e8e1ca) Importer(815301076,1909f56bfc062723c751e8b465ee728b)
Start importing Assets/Samples/Cinemachine/2.6.11/Cinemachine Example Scenes/Shared/Prefabs/FBX/ProB_Floor_2Walls_10x10.fbx using Guid(d0a29522a2fadfb4f8ca407cd2e8e1ca) Importer(815301076,1909f56bfc062723c751e8b465ee728b)  -> (artifact id: 'dd9ca5bf64e3c08c7daaf79a28bf8c49') in 0.015895 seconds 
  Import took 0.018467 seconds .

========================================================================
Received Import Request.
  Time since last request: 0.000395 seconds.
  path: Assets/Samples/Cinemachine/2.6.11/Cinemachine Example Scenes/Scenes/Impulse/ShakingCube.prefab
  artifactKey: Guid(819f88648001df94e8dfc62c43971341) Importer(815301076,1909f56bfc062723c751e8b465ee728b)
Start importing Assets/Samples/Cinemachine/2.6.11/Cinemachine Example Scenes/Scenes/Impulse/ShakingCube.prefab using Guid(819f88648001df94e8dfc62c43971341) Importer(815301076,1909f56bfc062723c751e8b465ee728b)  -> (artifact id: 'a6a01991091d27ff6aaba3d4608bdd2c') in 0.009313 seconds 
  Import took 0.012034 seconds .

========================================================================
Received Import Request.
  Time since last request: 0.000294 seconds.
  path: Assets/Samples/Cinemachine/2.6.11/Cinemachine Example Scenes/Scenes/Trigger volumes/Trigger cube.prefab
  artifactKey: Guid(eb2690c0771f68c48823fc4a7816d734) Importer(815301076,1909f56bfc062723c751e8b465ee728b)
Start importing Assets/Samples/Cinemachine/2.6.11/Cinemachine Example Scenes/Scenes/Trigger volumes/Trigger cube.prefab using Guid(eb2690c0771f68c48823fc4a7816d734) Importer(815301076,1909f56bfc062723c751e8b465ee728b)  -> (artifact id: 'fdf0184753870a7e0979fc35a34aa245') in 0.008523 seconds 
  Import took 0.012326 seconds .

========================================================================
Received Import Request.
  Time since last request: 0.000271 seconds.
  path: Assets/Samples/Cinemachine/2.6.11/Cinemachine Example Scenes/Shared/Prefabs/FBX/ProB_Floor_LWall_10x10.fbx
  artifactKey: Guid(b6e2207db377b584bb472dd15da85dd3) Importer(815301076,1909f56bfc062723c751e8b465ee728b)
Start importing Assets/Samples/Cinemachine/2.6.11/Cinemachine Example Scenes/Shared/Prefabs/FBX/ProB_Floor_LWall_10x10.fbx using Guid(b6e2207db377b584bb472dd15da85dd3) Importer(815301076,1909f56bfc062723c751e8b465ee728b)  -> (artifact id: '38822375c5b36d97a5504de5a801bbbc') in 0.014761 seconds 
  Import took 0.018098 seconds .

========================================================================
Received Import Request.
  Time since last request: 0.000296 seconds.
  path: Assets/Samples/Cinemachine/2.6.11/Cinemachine Example Scenes/Shared/Prefabs/FBX/ProB_Floor_10x10_BluePedestal.fbx
  artifactKey: Guid(fb8b35ae430517a4989c461955168bec) Importer(815301076,1909f56bfc062723c751e8b465ee728b)
Start importing Assets/Samples/Cinemachine/2.6.11/Cinemachine Example Scenes/Shared/Prefabs/FBX/ProB_Floor_10x10_BluePedestal.fbx using Guid(fb8b35ae430517a4989c461955168bec) Importer(815301076,1909f56bfc062723c751e8b465ee728b)  -> (artifact id: '904d16df60498364289943aca07e78d9') in 0.014922 seconds 
  Import took 0.017739 seconds .

========================================================================
Received Import Request.
  Time since last request: 0.092772 seconds.
  path: Assets/Samples/Cinemachine/2.6.11/Cinemachine Example Scenes/Scenes/Anywhere Door/Materials/CAM1.mat
  artifactKey: Guid(e27c6515627c1451b9c20d5af1e8b528) Importer(815301076,1909f56bfc062723c751e8b465ee728b)
Start importing Assets/Samples/Cinemachine/2.6.11/Cinemachine Example Scenes/Scenes/Anywhere Door/Materials/CAM1.mat using Guid(e27c6515627c1451b9c20d5af1e8b528) Importer(815301076,1909f56bfc062723c751e8b465ee728b)  -> (artifact id: '31473542641ca980f219cd95e6d43bb7') in 0.042741 seconds 
  Import took 0.045819 seconds .

========================================================================
Received Import Request.
  Time since last request: 0.000365 seconds.
  path: Assets/Samples/Cinemachine/2.6.11/Cinemachine Example Scenes/Shared/Materials/Ground.mat
  artifactKey: Guid(f993b29f4cc364a4eaf7bbf9086de313) Importer(815301076,1909f56bfc062723c751e8b465ee728b)
Start importing Assets/Samples/Cinemachine/2.6.11/Cinemachine Example Scenes/Shared/Materials/Ground.mat using Guid(f993b29f4cc364a4eaf7bbf9086de313) Importer(815301076,1909f56bfc062723c751e8b465ee728b)  -> (artifact id: 'e0096a87a385e602f739e7bfb8ad802e') in 0.010365 seconds 
  Import took 0.013186 seconds .

========================================================================
Received Import Request.
  Time since last request: 0.000332 seconds.
  path: Assets/Samples/Cinemachine/2.6.11/Cinemachine Example Scenes/Scenes/Anywhere Door/Materials/Pink.mat
  artifactKey: Guid(764fcb585f1f34a6da8ae3fca76c1261) Importer(815301076,1909f56bfc062723c751e8b465ee728b)
Start importing Assets/Samples/Cinemachine/2.6.11/Cinemachine Example Scenes/Scenes/Anywhere Door/Materials/Pink.mat using Guid(764fcb585f1f34a6da8ae3fca76c1261) Importer(815301076,1909f56bfc062723c751e8b465ee728b)  -> (artifact id: '5bd3fa75623bfb2bcecce9c23458f87d') in 0.010110 seconds 
  Import took 0.013437 seconds .

========================================================================
Received Import Request.
  Time since last request: 0.000304 seconds.
  path: Assets/Samples/Cinemachine/2.6.11/Cinemachine Example Scenes/Shared/Materials/GridBox_Trigger.mat
  artifactKey: Guid(850a1a07bd7c8e24a8e518501c065b86) Importer(815301076,1909f56bfc062723c751e8b465ee728b)
Start importing Assets/Samples/Cinemachine/2.6.11/Cinemachine Example Scenes/Shared/Materials/GridBox_Trigger.mat using Guid(850a1a07bd7c8e24a8e518501c065b86) Importer(815301076,1909f56bfc062723c751e8b465ee728b)  -> (artifact id: '426e058d0956301faf5c150a21766eb9') in 0.041452 seconds 
  Import took 0.044428 seconds .

========================================================================
Received Import Request.
  Time since last request: 0.000262 seconds.
  path: Assets/Samples/Cinemachine/2.6.11/Cinemachine Example Scenes/Shared/Materials/Trigger.mat
  artifactKey: Guid(f5ec88a687cc6d9448380f21861d57ab) Importer(815301076,1909f56bfc062723c751e8b465ee728b)
Start importing Assets/Samples/Cinemachine/2.6.11/Cinemachine Example Scenes/Shared/Materials/Trigger.mat using Guid(f5ec88a687cc6d9448380f21861d57ab) Importer(815301076,1909f56bfc062723c751e8b465ee728b)  -> (artifact id: 'be2bbf5ec72be886a2211d63af259f10') in 0.008182 seconds 
  Import took 0.011117 seconds .

========================================================================
Received Import Request.
  Time since last request: 0.000288 seconds.
  path: Assets/Samples/Cinemachine/2.6.11/Cinemachine Example Scenes/Shared/Models/UnityCharacter/Models/Materials/DefaultMale_Mat.mat
  artifactKey: Guid(d7f8b496adee38e4a9edc877d5939f5b) Importer(815301076,1909f56bfc062723c751e8b465ee728b)
Start importing Assets/Samples/Cinemachine/2.6.11/Cinemachine Example Scenes/Shared/Models/UnityCharacter/Models/Materials/DefaultMale_Mat.mat using Guid(d7f8b496adee38e4a9edc877d5939f5b) Importer(815301076,1909f56bfc062723c751e8b465ee728b)  -> (artifact id: '47ad5ab4c1d0c32fdaaf2704cea1597b') in 0.010377 seconds 
  Import took 0.013654 seconds .

========================================================================
Received Import Request.
  Time since last request: 0.000276 seconds.
  path: Assets/Samples/Cinemachine/2.6.11/Cinemachine Example Scenes/Shared/Materials/Default_Prototype.mat
  artifactKey: Guid(55296d1b6ee54e14e8eb4648d4b448ee) Importer(815301076,1909f56bfc062723c751e8b465ee728b)
Start importing Assets/Samples/Cinemachine/2.6.11/Cinemachine Example Scenes/Shared/Materials/Default_Prototype.mat using Guid(55296d1b6ee54e14e8eb4648d4b448ee) Importer(815301076,1909f56bfc062723c751e8b465ee728b)  -> (artifact id: 'eaff53faa1f17880521c981854a88293') in 0.009570 seconds 
  Import took 0.012643 seconds .

========================================================================
Received Import Request.
  Time since last request: 0.000229 seconds.
  path: Assets/Samples/Cinemachine/2.6.11/Cinemachine Example Scenes/Shared/Materials/checkerboard.mat
  artifactKey: Guid(aea07daa020335f438315c12fb1afe47) Importer(815301076,1909f56bfc062723c751e8b465ee728b)
Start importing Assets/Samples/Cinemachine/2.6.11/Cinemachine Example Scenes/Shared/Materials/checkerboard.mat using Guid(aea07daa020335f438315c12fb1afe47) Importer(815301076,1909f56bfc062723c751e8b465ee728b)  -> (artifact id: 'aaca7f12bb024289a2ec89b8d460c19a') in 0.009154 seconds 
  Import took 0.012299 seconds .

========================================================================
Received Import Request.
  Time since last request: 0.000271 seconds.
  path: Assets/Samples/Cinemachine/2.6.11/Cinemachine Example Scenes/Shared/Materials/RedThing.mat
  artifactKey: Guid(768ffdf2b6949054488c74579e87288b) Importer(815301076,1909f56bfc062723c751e8b465ee728b)
Start importing Assets/Samples/Cinemachine/2.6.11/Cinemachine Example Scenes/Shared/Materials/RedThing.mat using Guid(768ffdf2b6949054488c74579e87288b) Importer(815301076,1909f56bfc062723c751e8b465ee728b)  -> (artifact id: 'bf7d66895822c9181a24aeb51cf5d4a4') in 0.009138 seconds 
  Import took 0.012761 seconds .

========================================================================
Received Import Request.
  Time since last request: 0.000217 seconds.
  path: Assets/Samples/Cinemachine/2.6.11/Cinemachine Example Scenes/Shared/Materials/Default_Prototype_Blue.mat
  artifactKey: Guid(89db8b11e2538314a89bde42040c3c94) Importer(815301076,1909f56bfc062723c751e8b465ee728b)
Start importing Assets/Samples/Cinemachine/2.6.11/Cinemachine Example Scenes/Shared/Materials/Default_Prototype_Blue.mat using Guid(89db8b11e2538314a89bde42040c3c94) Importer(815301076,1909f56bfc062723c751e8b465ee728b)  -> (artifact id: '59616568dba93529de28e46bdbc148ee') in 0.009444 seconds 
  Import took 0.012992 seconds .

========================================================================
Received Import Request.
  Time since last request: 0.000268 seconds.
  path: Assets/Samples/Cinemachine/2.6.11/Cinemachine Example Scenes/Scenes/Anywhere Door/Materials/Green.mat
  artifactKey: Guid(53fb4968835b349fb81f8de35f2f5cc4) Importer(815301076,1909f56bfc062723c751e8b465ee728b)
Start importing Assets/Samples/Cinemachine/2.6.11/Cinemachine Example Scenes/Scenes/Anywhere Door/Materials/Green.mat using Guid(53fb4968835b349fb81f8de35f2f5cc4) Importer(815301076,1909f56bfc062723c751e8b465ee728b)  -> (artifact id: 'aed5900ebcffd360cad69ee2ad8611d4') in 0.008586 seconds 
  Import took 0.011839 seconds .

========================================================================
Received Import Request.
  Time since last request: 0.000225 seconds.
  path: Assets/Samples/Cinemachine/2.6.11/Cinemachine Example Scenes/Scenes/Anywhere Door/Materials/Skybox_Mat.mat
  artifactKey: Guid(0ffaa0b7117ba8c47a9d05ae701d4b4d) Importer(815301076,1909f56bfc062723c751e8b465ee728b)
Start importing Assets/Samples/Cinemachine/2.6.11/Cinemachine Example Scenes/Scenes/Anywhere Door/Materials/Skybox_Mat.mat using Guid(0ffaa0b7117ba8c47a9d05ae701d4b4d) Importer(815301076,1909f56bfc062723c751e8b465ee728b)  -> (artifact id: '7ee6f73e101f57bc68259e846f959f0e') in 0.100021 seconds 
  Import took 0.103003 seconds .

========================================================================
Received Import Request.
  Time since last request: 0.000244 seconds.
  path: Assets/Samples/Cinemachine/2.6.11/Cinemachine Example Scenes/Shared/Materials/Ground big.mat
  artifactKey: Guid(0e079ef97504e314080afe2ab2599e87) Importer(815301076,1909f56bfc062723c751e8b465ee728b)
Start importing Assets/Samples/Cinemachine/2.6.11/Cinemachine Example Scenes/Shared/Materials/Ground big.mat using Guid(0e079ef97504e314080afe2ab2599e87) Importer(815301076,1909f56bfc062723c751e8b465ee728b)  -> (artifact id: '002a3f13a8041d1a100695e72cd27b89') in 0.009306 seconds 
  Import took 0.012304 seconds .

========================================================================
Received Import Request.
  Time since last request: 0.000244 seconds.
  path: Assets/Samples/Cinemachine/2.6.11/Cinemachine Example Scenes/Scenes/Anywhere Door/Materials/CAM2.mat
  artifactKey: Guid(1ef400092819e4ad0a2e285c635697a4) Importer(815301076,1909f56bfc062723c751e8b465ee728b)
Start importing Assets/Samples/Cinemachine/2.6.11/Cinemachine Example Scenes/Scenes/Anywhere Door/Materials/CAM2.mat using Guid(1ef400092819e4ad0a2e285c635697a4) Importer(815301076,1909f56bfc062723c751e8b465ee728b)  -> (artifact id: '452c7b319e59b1065d3dd4ddb27aee67') in 0.009306 seconds 
  Import took 0.012729 seconds .

========================================================================
Received Import Request.
  Time since last request: 70.493961 seconds.
  path: ProjectSettings/TagManager.asset
  artifactKey: Guid(00000000000000003000000000000000) Importer(815301076,1909f56bfc062723c751e8b465ee728b)
Start importing ProjectSettings/TagManager.asset using Guid(00000000000000003000000000000000) Importer(815301076,1909f56bfc062723c751e8b465ee728b)  -> (artifact id: 'ce6a35c3cddc746e7501c0bd0ed6d4ce') in 0.004098 seconds 
  Import took 0.006750 seconds .

========================================================================
Received Import Request.
  Time since last request: 447.211432 seconds.
  path: Assets/Scenes/Proyecto Final.unity
  artifactKey: Guid(26a25eeff55074063b4ba88b57ea777e) Importer(815301076,1909f56bfc062723c751e8b465ee728b)
Start importing Assets/Scenes/Proyecto Final.unity using Guid(26a25eeff55074063b4ba88b57ea777e) Importer(815301076,1909f56bfc062723c751e8b465ee728b)  -> (artifact id: '64bbb5a94a84d921c1f8317b33824786') in 0.002804 seconds 
  Import took 0.005927 seconds .

========================================================================
Received Import Request.
  Time since last request: 0.387193 seconds.
  path: Assets/Scenes/SampleScene.unity
  artifactKey: Guid(9fc0d4010bbf28b4594072e72b8655ab) Importer(815301076,1909f56bfc062723c751e8b465ee728b)
Start importing Assets/Scenes/SampleScene.unity using Guid(9fc0d4010bbf28b4594072e72b8655ab) Importer(815301076,1909f56bfc062723c751e8b465ee728b)  -> (artifact id: '85059f4f9e1a832ed95adaa0d25c5c4c') in 0.002792 seconds 
  Import took 0.005705 seconds .

========================================================================
Received Import Request.
  Time since last request: 476.328232 seconds.
  path: Assets/Scenes/SampleScene.unity
  artifactKey: Guid(9fc0d4010bbf28b4594072e72b8655ab) Importer(815301076,1909f56bfc062723c751e8b465ee728b)
Start importing Assets/Scenes/SampleScene.unity using Guid(9fc0d4010bbf28b4594072e72b8655ab) Importer(815301076,1909f56bfc062723c751e8b465ee728b)  -> (artifact id: 'bcdab6e3caa395a868baf6073f5254ba') in 0.003732 seconds 
  Import took 0.007571 seconds .

========================================================================
Received Import Request.
  Time since last request: 32.736415 seconds.
  path: Assets/Scenes/SampleScene.unity
  artifactKey: Guid(9fc0d4010bbf28b4594072e72b8655ab) Importer(815301076,1909f56bfc062723c751e8b465ee728b)
Start importing Assets/Scenes/SampleScene.unity using Guid(9fc0d4010bbf28b4594072e72b8655ab) Importer(815301076,1909f56bfc062723c751e8b465ee728b)  -> (artifact id: '6b9f31909b0a891fd6040ba75ad1f537') in 0.002365 seconds 
  Import took 0.005443 seconds .

========================================================================
Received Import Request.
  Time since last request: 100.606719 seconds.
  path: Assets/Materials/PolygonNature_MountainSkybox_Snow.mat
  artifactKey: Guid(fb87686c53fbcc24a867e24f6b622498) Importer(815301076,1909f56bfc062723c751e8b465ee728b)
Start importing Assets/Materials/PolygonNature_MountainSkybox_Snow.mat using Guid(fb87686c53fbcc24a867e24f6b622498) Importer(815301076,1909f56bfc062723c751e8b465ee728b)  -> (artifact id: '11579e6c2088ab75c14b4aede77c898b') in 0.097280 seconds 
  Import took 0.100365 seconds .

========================================================================
Received Import Request.
  Time since last request: 0.000338 seconds.
  path: Assets/Materials/SimpleSky.mat
  artifactKey: Guid(e68f77e240a7f8643b5cc4253dc37516) Importer(815301076,1909f56bfc062723c751e8b465ee728b)
Start importing Assets/Materials/SimpleSky.mat using Guid(e68f77e240a7f8643b5cc4253dc37516) Importer(815301076,1909f56bfc062723c751e8b465ee728b)  -> (artifact id: '52a386c0fd6ef6f892c35cd618649fdc') in 0.018800 seconds 
  Import took 0.021863 seconds .

========================================================================
Received Import Request.
  Time since last request: 5.945797 seconds.
  path: Assets
  artifactKey: Guid(00000000000000001000000000000000) Importer(815301076,1909f56bfc062723c751e8b465ee728b)
Start importing Assets using Guid(00000000000000001000000000000000) Importer(815301076,1909f56bfc062723c751e8b465ee728b)  -> (artifact id: '42d402b061de3733987d63b9cc3b64de') in 0.002035 seconds 
  Import took 0.004967 seconds .

========================================================================
Received Import Request.
  Time since last request: 5.872789 seconds.
  path: Assets/scripts
  artifactKey: Guid(74600f2e04722994485f7f1f780f3813) Importer(815301076,1909f56bfc062723c751e8b465ee728b)
Start importing Assets/scripts using Guid(74600f2e04722994485f7f1f780f3813) Importer(815301076,1909f56bfc062723c751e8b465ee728b)  -> (artifact id: '903fa4b2c69f493369be87919a1d5783') in 0.003585 seconds 
  Import took 0.006565 seconds .

========================================================================
Received Import Request.
  Time since last request: 12.715924 seconds.
  path: Assets/scripts/New Folder
  artifactKey: Guid(3cd9e88979a8a5c4988f84355065791a) Importer(815301076,1909f56bfc062723c751e8b465ee728b)
Start importing Assets/scripts/New Folder using Guid(3cd9e88979a8a5c4988f84355065791a) Importer(815301076,1909f56bfc062723c751e8b465ee728b)  -> (artifact id: 'c8df8d62c1b40825b1711d2d8c9e3c2b') in 0.003784 seconds 
  Import took 0.007124 seconds .

========================================================================
Received Import Request.
  Time since last request: 8.193202 seconds.
  path: Assets/scripts/PlayerController.cs
  artifactKey: Guid(76c0051910d13234f8b84941b70e1a03) Importer(815301076,1909f56bfc062723c751e8b465ee728b)
Start importing Assets/scripts/PlayerController.cs using Guid(76c0051910d13234f8b84941b70e1a03) Importer(815301076,1909f56bfc062723c751e8b465ee728b)  -> (artifact id: '23248e67c38e71782fbb056f92834550') in 0.022528 seconds 
  Import took 0.025698 seconds .

========================================================================
Received Prepare
Registering precompiled user dll's ...
Registered in 0.003382 seconds.
Begin MonoManager ReloadAssembly
Native extension for WindowsStandalone target not found
Refreshing native plugins compatible for Editor in 0.37 ms, found 2 plugins.
Preloading 0 native plugins for Editor in 0.00 ms.
Mono: successfully reloaded assembly
- Completed reload, in  1.503 seconds
Domain Reload Profiling:
	ReloadAssembly (1503ms)
		BeginReloadAssembly (137ms)
			ExecutionOrderSort (0ms)
			DisableScriptedObjects (9ms)
			BackupInstance (0ms)
			ReleaseScriptingObjects (0ms)
			CreateAndSetChildDomain (41ms)
		EndReloadAssembly (1277ms)
			LoadAssemblies (124ms)
			RebuildTransferFunctionScriptingTraits (0ms)
			SetupTypeCache (396ms)
			ReleaseScriptCaches (1ms)
			RebuildScriptCaches (48ms)
			SetupLoadedEditorAssemblies (603ms)
				LogAssemblyErrors (0ms)
				InitializePlatformSupportModulesInManaged (6ms)
				SetLoadedEditorAssemblies (1ms)
				RefreshPlugins (0ms)
				BeforeProcessingInitializeOnLoad (104ms)
				ProcessInitializeOnLoadAttributes (472ms)
				ProcessInitializeOnLoadMethodAttributes (6ms)
				AfterProcessingInitializeOnLoad (11ms)
				EditorAssembliesLoaded (2ms)
			ExecutionOrderSort2 (0ms)
			AwakeInstancesAfterBackupRestoration (9ms)
Platform modules already initialized, skipping
Refreshing native plugins compatible for Editor in 0.39 ms, found 2 plugins.
Preloading 0 native plugins for Editor in 0.00 ms.
Unloading 1561 Unused Serialized files (Serialized files now loaded: 0)
System memory in use before: 88.6 MB.
System memory in use after: 88.7 MB.

Unloading 14 unused Assets to reduce memory usage. Loaded Objects now: 2055.
Total: 3.494100 ms (FindLiveObjects: 0.187300 ms CreateObjectMapping: 0.064000 ms MarkObjects: 3.213000 ms  DeleteObjects: 0.028100 ms)

AssetImportParameters requested are different than current active one (requested -> active):
  custom:framework-win-MediaFoundation: 216162199b28c13a410421893ffa2e32 -> 
  custom:video-decoder-ogg-theora: a1e56fd34408186e4bbccfd4996cb3dc -> 
  custom:container-muxer-webm: aa71ff27fc2769a1b78a27578f13a17b -> 
  custom:container-demuxer-webm: 4f35f7cbe854078d1ac9338744f61a02 -> 
  custom:container-demuxer-ogg: 62fdf1f143b41e24485cea50d1cbac27 -> 
  custom:video-encoder-webm-vp8: eb34c28f22e8b96e1ab97ce403110664 -> 
  custom:video-decoder-webm-vp8: 9c59270c3fd7afecdb556c50c9e8de78 -> 
  custom:audio-decoder-ogg-vorbis: bf7c407c2cedff20999df2af8eb42d56 -> 
  custom:audio-encoder-webm-vorbis: bf7c407c2cedff20999df2af8eb42d56 -> 
========================================================================
Received Import Request.
  Time since last request: 255.368647 seconds.
  path: Assets/Prefabs/Environment
  artifactKey: Guid(fa224bb3169914fc59b59f0c5fe2dfd7) Importer(815301076,1909f56bfc062723c751e8b465ee728b)
Start importing Assets/Prefabs/Environment using Guid(fa224bb3169914fc59b59f0c5fe2dfd7) Importer(815301076,1909f56bfc062723c751e8b465ee728b)  -> (artifact id: '9d8ca76b20aec689d5132a4b0be339f7') in 0.004841 seconds 
  Import took 0.008326 seconds .

========================================================================
Received Import Request.
  Time since last request: 0.033247 seconds.
  path: Assets/Prefabs/Environment/Environment.prefab
  artifactKey: Guid(dbf09a9ffc26d49a6a0d685fd289f152) Importer(815301076,1909f56bfc062723c751e8b465ee728b)
Start importing Assets/Prefabs/Environment/Environment.prefab using Guid(dbf09a9ffc26d49a6a0d685fd289f152) Importer(815301076,1909f56bfc062723c751e8b465ee728b)  -> (artifact id: 'bb221c2dadb942f8b176cb09b1e4739a') in 0.063876 seconds 
  Import took 0.067376 seconds .

========================================================================
Received Import Request.
  Time since last request: 0.000385 seconds.
  path: Assets/Prefabs/Environment/MountainSkybox.prefab
  artifactKey: Guid(5f0963a629b97442587b7f3ece766e42) Importer(815301076,1909f56bfc062723c751e8b465ee728b)
Start importing Assets/Prefabs/Environment/MountainSkybox.prefab using Guid(5f0963a629b97442587b7f3ece766e42) Importer(815301076,1909f56bfc062723c751e8b465ee728b)  -> (artifact id: '6b10e63d624e32d7ee7d5073054f8e67') in 0.026895 seconds 
  Import took 0.029802 seconds .

========================================================================
Received Import Request.
  Time since last request: 0.000060 seconds.
  path: Assets/Prefabs/Environment/SkyDome.prefab
  artifactKey: Guid(51a084e4035b24e76997744a50c711d4) Importer(815301076,1909f56bfc062723c751e8b465ee728b)
Start importing Assets/Prefabs/Environment/SkyDome.prefab using Guid(51a084e4035b24e76997744a50c711d4) Importer(815301076,1909f56bfc062723c751e8b465ee728b)  -> (artifact id: '2284d5e2f0e66fed09f0e263be9fe233') in 0.013818 seconds 
  Import took 0.017151 seconds .

========================================================================
Received Import Request.
  Time since last request: 6.560131 seconds.
  path: Assets/Prefabs
  artifactKey: Guid(3ac34fb5987764c85a7db63c789574fc) Importer(815301076,1909f56bfc062723c751e8b465ee728b)
Start importing Assets/Prefabs using Guid(3ac34fb5987764c85a7db63c789574fc) Importer(815301076,1909f56bfc062723c751e8b465ee728b)  -> (artifact id: '66b3849079b65dfb22565416881fde2a') in 0.003122 seconds 
  Import took 0.006003 seconds .

========================================================================
Received Import Request.
  Time since last request: 6.448196 seconds.
  path: Assets/Prefabs/New Folder
  artifactKey: Guid(e9fb159b51b0285498bba12a210330a4) Importer(815301076,1909f56bfc062723c751e8b465ee728b)
Start importing Assets/Prefabs/New Folder using Guid(e9fb159b51b0285498bba12a210330a4) Importer(815301076,1909f56bfc062723c751e8b465ee728b)  -> (artifact id: '6f9bb2f3ca6727c8198139a5bc97fdba') in 0.003664 seconds 
  Import took 0.006757 seconds .

========================================================================
Received Import Request.
  Time since last request: 41.233046 seconds.
  path: Assets/Prefabs/New Folder/obstacle.prefab
  artifactKey: Guid(485010d3bd32f4641938ea248bcce562) Importer(815301076,1909f56bfc062723c751e8b465ee728b)
Start importing Assets/Prefabs/New Folder/obstacle.prefab using Guid(485010d3bd32f4641938ea248bcce562) Importer(815301076,1909f56bfc062723c751e8b465ee728b)  -> (artifact id: 'a14b9bb7f8d190f507b2c82e0f44a388') in 0.011260 seconds 
  Import took 0.014119 seconds .

========================================================================
Received Import Request.
  Time since last request: 54.594610 seconds.
  path: Assets/Prefabs/New Folder/obstacle.prefab
  artifactKey: Guid(485010d3bd32f4641938ea248bcce562) Importer(815301076,1909f56bfc062723c751e8b465ee728b)
Start importing Assets/Prefabs/New Folder/obstacle.prefab using Guid(485010d3bd32f4641938ea248bcce562) Importer(815301076,1909f56bfc062723c751e8b465ee728b)  -> (artifact id: 'd10e81134d4d9e9ab0cfa3c28654b3c4') in 0.009676 seconds 
  Import took 0.013501 seconds .

========================================================================
Received Import Request.
  Time since last request: 54.957231 seconds.
  path: Assets/Prefabs/New Folder/Sphere.prefab
  artifactKey: Guid(43172536217955b46a597d1db94e2dda) Importer(815301076,1909f56bfc062723c751e8b465ee728b)
Start importing Assets/Prefabs/New Folder/Sphere.prefab using Guid(43172536217955b46a597d1db94e2dda) Importer(815301076,1909f56bfc062723c751e8b465ee728b)  -> (artifact id: '89836934589edc45d497f1b8cb4af4cb') in 0.010658 seconds 
  Import took 0.013805 seconds .

========================================================================
Received Import Request.
  Time since last request: 11.040607 seconds.
  path: Assets/Prefabs/New Folder/moneda.prefab
  artifactKey: Guid(43172536217955b46a597d1db94e2dda) Importer(815301076,1909f56bfc062723c751e8b465ee728b)
Start importing Assets/Prefabs/New Folder/moneda.prefab using Guid(43172536217955b46a597d1db94e2dda) Importer(815301076,1909f56bfc062723c751e8b465ee728b)  -> (artifact id: 'a068c44cdaf730ee576e0d1fa71ec01b') in 0.009043 seconds 
  Import took 0.013608 seconds .

========================================================================
Received Import Request.
  Time since last request: 29.923612 seconds.
  path: Assets/scripts/RotateObject.cs
  artifactKey: Guid(fd8e8d75e61e09b43b92f646fe924691) Importer(815301076,1909f56bfc062723c751e8b465ee728b)
Start importing Assets/scripts/RotateObject.cs using Guid(fd8e8d75e61e09b43b92f646fe924691) Importer(815301076,1909f56bfc062723c751e8b465ee728b)  -> (artifact id: 'fc26b5363903043803f7e0a0141ff6ae') in 0.004267 seconds 
  Import took 0.007269 seconds .

========================================================================
Received Prepare
Registering precompiled user dll's ...
Registered in 0.003543 seconds.
Begin MonoManager ReloadAssembly
Native extension for WindowsStandalone target not found
Refreshing native plugins compatible for Editor in 0.34 ms, found 2 plugins.
Preloading 0 native plugins for Editor in 0.00 ms.
Mono: successfully reloaded assembly
- Completed reload, in  1.116 seconds
Domain Reload Profiling:
	ReloadAssembly (1116ms)
		BeginReloadAssembly (131ms)
			ExecutionOrderSort (0ms)
			DisableScriptedObjects (4ms)
			BackupInstance (0ms)
			ReleaseScriptingObjects (0ms)
			CreateAndSetChildDomain (36ms)
		EndReloadAssembly (910ms)
			LoadAssemblies (101ms)
			RebuildTransferFunctionScriptingTraits (0ms)
			SetupTypeCache (338ms)
			ReleaseScriptCaches (1ms)
			RebuildScriptCaches (45ms)
			SetupLoadedEditorAssemblies (317ms)
				LogAssemblyErrors (0ms)
				InitializePlatformSupportModulesInManaged (6ms)
				SetLoadedEditorAssemblies (0ms)
				RefreshPlugins (0ms)
				BeforeProcessingInitializeOnLoad (55ms)
				ProcessInitializeOnLoadAttributes (243ms)
				ProcessInitializeOnLoadMethodAttributes (5ms)
				AfterProcessingInitializeOnLoad (8ms)
				EditorAssembliesLoaded (0ms)
			ExecutionOrderSort2 (0ms)
			AwakeInstancesAfterBackupRestoration (9ms)
Platform modules already initialized, skipping
Refreshing native plugins compatible for Editor in 0.38 ms, found 2 plugins.
Preloading 0 native plugins for Editor in 0.00 ms.
Unloading 1562 Unused Serialized files (Serialized files now loaded: 0)
System memory in use before: 88.7 MB.
System memory in use after: 88.8 MB.

Unloading 13 unused Assets to reduce memory usage. Loaded Objects now: 2059.
Total: 3.659100 ms (FindLiveObjects: 0.159600 ms CreateObjectMapping: 0.055500 ms MarkObjects: 3.383100 ms  DeleteObjects: 0.059600 ms)

AssetImportParameters requested are different than current active one (requested -> active):
  custom:framework-win-MediaFoundation: 216162199b28c13a410421893ffa2e32 -> 
  custom:video-decoder-ogg-theora: a1e56fd34408186e4bbccfd4996cb3dc -> 
  custom:container-muxer-webm: aa71ff27fc2769a1b78a27578f13a17b -> 
  custom:container-demuxer-webm: 4f35f7cbe854078d1ac9338744f61a02 -> 
  custom:container-demuxer-ogg: 62fdf1f143b41e24485cea50d1cbac27 -> 
  custom:video-encoder-webm-vp8: eb34c28f22e8b96e1ab97ce403110664 -> 
  custom:video-decoder-webm-vp8: 9c59270c3fd7afecdb556c50c9e8de78 -> 
  custom:audio-decoder-ogg-vorbis: bf7c407c2cedff20999df2af8eb42d56 -> 
  custom:audio-encoder-webm-vorbis: bf7c407c2cedff20999df2af8eb42d56 -> 
========================================================================
Received Import Request.
  Time since last request: 104.719691 seconds.
  path: Assets/Prefabs/New Folder/proyectil.prefab
  artifactKey: Guid(939b70ca9d6a9de45ad6ac39011d17b3) Importer(815301076,1909f56bfc062723c751e8b465ee728b)
Start importing Assets/Prefabs/New Folder/proyectil.prefab using Guid(939b70ca9d6a9de45ad6ac39011d17b3) Importer(815301076,1909f56bfc062723c751e8b465ee728b)  -> (artifact id: '357cf43bf3fe205e418e7e54d78b3fc2') in 0.061489 seconds 
  Import took 0.064426 seconds .

========================================================================
Received Import Request.
  Time since last request: 56.853748 seconds.
  path: Assets/Materials
  artifactKey: Guid(b787d51e07aaf4afa8847af48e71e8a4) Importer(815301076,1909f56bfc062723c751e8b465ee728b)
Start importing Assets/Materials using Guid(b787d51e07aaf4afa8847af48e71e8a4) Importer(815301076,1909f56bfc062723c751e8b465ee728b)  -> (artifact id: '80da6b33f0ce95bcabd51b0579b597cd') in 0.003393 seconds 
  Import took 0.006279 seconds .

========================================================================
Received Import Request.
  Time since last request: 1.888959 seconds.
  path: Assets/Materials/Textures
  artifactKey: Guid(f422e7a7e563f38429548e0b5a070cc8) Importer(815301076,1909f56bfc062723c751e8b465ee728b)
Start importing Assets/Materials/Textures using Guid(f422e7a7e563f38429548e0b5a070cc8) Importer(815301076,1909f56bfc062723c751e8b465ee728b)  -> (artifact id: '9bd242259b1246709d41e1cf3ffe5433') in 0.002868 seconds 
  Import took 0.006078 seconds .

========================================================================
Received Import Request.
  Time since last request: 0.094825 seconds.
  path: Assets/Materials/Textures/SimpleSky.png
  artifactKey: Guid(7bab9ac1487e10c40b9ed77d4c551e04) Importer(815301076,1909f56bfc062723c751e8b465ee728b)
Start importing Assets/Materials/Textures/SimpleSky.png using Guid(7bab9ac1487e10c40b9ed77d4c551e04) Importer(815301076,1909f56bfc062723c751e8b465ee728b)  -> (artifact id: 'f89640d567709b311f2d7f32f98bca0b') in 0.018561 seconds 
  Import took 0.021600 seconds .

========================================================================
Received Import Request.
  Time since last request: 0.000337 seconds.
  path: Assets/Materials/Textures/Skybox_Diff.png
  artifactKey: Guid(1202e6a7c7a1de2499a2c339a4382c9e) Importer(815301076,1909f56bfc062723c751e8b465ee728b)
Start importing Assets/Materials/Textures/Skybox_Diff.png using Guid(1202e6a7c7a1de2499a2c339a4382c9e) Importer(815301076,1909f56bfc062723c751e8b465ee728b)  -> (artifact id: 'b5eb0d3e2adbaf50b2347441625e4f3c') in 0.016041 seconds 
  Import took 0.019482 seconds .

========================================================================
Received Import Request.
  Time since last request: 121.963122 seconds.
  path: Assets/Materials/Textures/moneda.mat
  artifactKey: Guid(6d937d0012e35a8419e54587dd3bc553) Importer(815301076,1909f56bfc062723c751e8b465ee728b)
Start importing Assets/Materials/Textures/moneda.mat using Guid(6d937d0012e35a8419e54587dd3bc553) Importer(815301076,1909f56bfc062723c751e8b465ee728b)  -> (artifact id: '314a77afc6999220d186ddd1b9064624') in 0.035126 seconds 
  Import took 0.038065 seconds .

========================================================================
Received Import Request.
  Time since last request: 240.793506 seconds.
  path: Assets/Prefabs/New Folder/moneda 1.prefab
  artifactKey: Guid(b460c8bfcddaedf45aeca409a61b5179) Importer(815301076,1909f56bfc062723c751e8b465ee728b)
Start importing Assets/Prefabs/New Folder/moneda 1.prefab using Guid(b460c8bfcddaedf45aeca409a61b5179) Importer(815301076,1909f56bfc062723c751e8b465ee728b)  -> (artifact id: '67ec15ec47b4f47eb2676a592ab7f546') in 0.012385 seconds 
  Import took 0.015483 seconds .

========================================================================
Received Import Request.
  Time since last request: 28.735258 seconds.
  path: Assets/Materials/Textures/New Material.mat
  artifactKey: Guid(908cc71f1d1652e46a09c6e85e625a97) Importer(815301076,1909f56bfc062723c751e8b465ee728b)
Start importing Assets/Materials/Textures/New Material.mat using Guid(908cc71f1d1652e46a09c6e85e625a97) Importer(815301076,1909f56bfc062723c751e8b465ee728b)  -> (artifact id: '6f28d27bff6c4a957981c0d9e04cc45c') in 0.013327 seconds 
  Import took 0.016128 seconds .

========================================================================
Received Import Request.
  Time since last request: 25.089825 seconds.
  path: Assets/Prefabs/New Folder/obstacle 1.prefab
  artifactKey: Guid(43d6d3af4dbcbfd4eb65a0427a5c8013) Importer(815301076,1909f56bfc062723c751e8b465ee728b)
Start importing Assets/Prefabs/New Folder/obstacle 1.prefab using Guid(43d6d3af4dbcbfd4eb65a0427a5c8013) Importer(815301076,1909f56bfc062723c751e8b465ee728b)  -> (artifact id: 'd35aec825f8774518c3efb9925d9ede2') in 0.012169 seconds 
  Import took 0.015425 seconds .

========================================================================
Received Import Request.
  Time since last request: 28.501077 seconds.
  path: Assets/Materials/Textures/objeto.mat
  artifactKey: Guid(908cc71f1d1652e46a09c6e85e625a97) Importer(815301076,1909f56bfc062723c751e8b465ee728b)
Start importing Assets/Materials/Textures/objeto.mat using Guid(908cc71f1d1652e46a09c6e85e625a97) Importer(815301076,1909f56bfc062723c751e8b465ee728b)  -> (artifact id: '7820195b80afa701dae65e90337bc628') in 0.010729 seconds 
  Import took 0.013777 seconds .

========================================================================
Received Import Request.
  Time since last request: 14.501602 seconds.
  path: Assets/Materials/Textures/bala.mat
  artifactKey: Guid(1cff9cf41919a424482a6ea63daba760) Importer(815301076,1909f56bfc062723c751e8b465ee728b)
Start importing Assets/Materials/Textures/bala.mat using Guid(1cff9cf41919a424482a6ea63daba760) Importer(815301076,1909f56bfc062723c751e8b465ee728b)  -> (artifact id: 'f36013ae2188403232a834419bfbc22f') in 0.011196 seconds 
  Import took 0.014448 seconds .

========================================================================
Received Import Request.
  Time since last request: 27.927143 seconds.
  path: Assets/Prefabs/New Folder/proyectil 1.prefab
  artifactKey: Guid(6ff253768730dd24f86cd5d7d60d1fe2) Importer(815301076,1909f56bfc062723c751e8b465ee728b)
Start importing Assets/Prefabs/New Folder/proyectil 1.prefab using Guid(6ff253768730dd24f86cd5d7d60d1fe2) Importer(815301076,1909f56bfc062723c751e8b465ee728b)  -> (artifact id: '5be11fb4f80eeb34fba9fb0c2fdd158c') in 0.011614 seconds 
  Import took 0.014781 seconds .

========================================================================
Received Import Request.
  Time since last request: 14.745001 seconds.
  path: Assets/Materials/Textures/New Material.mat
  artifactKey: Guid(6df77e0232b302e4a8fdc01c6e4530fe) Importer(815301076,1909f56bfc062723c751e8b465ee728b)
Start importing Assets/Materials/Textures/New Material.mat using Guid(6df77e0232b302e4a8fdc01c6e4530fe) Importer(815301076,1909f56bfc062723c751e8b465ee728b)  -> (artifact id: '05a6acf07269355f34b32b9c53878b9e') in 0.010033 seconds 
  Import took 0.012906 seconds .

========================================================================
Received Import Request.
  Time since last request: 38.875218 seconds.
  path: Assets/Materials/Textures/New Material 1.mat
  artifactKey: Guid(6ba69f01319449d48b8966a5c5c665b7) Importer(815301076,1909f56bfc062723c751e8b465ee728b)
Start importing Assets/Materials/Textures/New Material 1.mat using Guid(6ba69f01319449d48b8966a5c5c665b7) Importer(815301076,1909f56bfc062723c751e8b465ee728b)  -> (artifact id: 'ee4f9f47736918e251ed7bbfef59db4e') in 0.016342 seconds 
  Import took 0.019533 seconds .

========================================================================
Received Import Request.
  Time since last request: 28.692920 seconds.
  path: Assets/Materials/Textures/New Material 2.mat
  artifactKey: Guid(0aa183abcc4dee64fa3d0afd2d77b617) Importer(815301076,1909f56bfc062723c751e8b465ee728b)
Start importing Assets/Materials/Textures/New Material 2.mat using Guid(0aa183abcc4dee64fa3d0afd2d77b617) Importer(815301076,1909f56bfc062723c751e8b465ee728b)  -> (artifact id: 'db60c70d44ca8af923c9fed87f795a21') in 0.009031 seconds 
  Import took 0.011898 seconds .

========================================================================
Received Import Request.
  Time since last request: 9.094876 seconds.
  path: Assets/Samples/Cinemachine/2.6.11/Cinemachine Example Scenes/Scenes/Anywhere Door/CAM1.renderTexture
  artifactKey: Guid(e6d6687ecf534413f9989d00d53729b1) Importer(815301076,1909f56bfc062723c751e8b465ee728b)
Start importing Assets/Samples/Cinemachine/2.6.11/Cinemachine Example Scenes/Scenes/Anywhere Door/CAM1.renderTexture using Guid(e6d6687ecf534413f9989d00d53729b1) Importer(815301076,1909f56bfc062723c751e8b465ee728b)  -> (artifact id: '91553a006b232766980636cc755888b7') in 0.025925 seconds 
  Import took 0.028703 seconds .

========================================================================
Received Import Request.
  Time since last request: 0.000285 seconds.
  path: Assets/Samples/Cinemachine/2.6.11/Cinemachine Example Scenes/Shared/Textures/checkerboard.png
  artifactKey: Guid(0b343b179d2251243a8bbed3fe8e2773) Importer(815301076,1909f56bfc062723c751e8b465ee728b)
Start importing Assets/Samples/Cinemachine/2.6.11/Cinemachine Example Scenes/Shared/Textures/checkerboard.png using Guid(0b343b179d2251243a8bbed3fe8e2773) Importer(815301076,1909f56bfc062723c751e8b465ee728b)  -> (artifact id: 'da9aa80f86263c306af34fe4d22f1f61') in 0.008819 seconds 
  Import took 0.012192 seconds .

========================================================================
Received Import Request.
  Time since last request: 0.000388 seconds.
  path: Assets/Samples/Cinemachine/2.6.11/Cinemachine Example Scenes/Scenes/Anywhere Door/CAM2.renderTexture
  artifactKey: Guid(86f96f4f6f9f949b0a56a1bbdc719e1f) Importer(815301076,1909f56bfc062723c751e8b465ee728b)
Start importing Assets/Samples/Cinemachine/2.6.11/Cinemachine Example Scenes/Scenes/Anywhere Door/CAM2.renderTexture using Guid(86f96f4f6f9f949b0a56a1bbdc719e1f) Importer(815301076,1909f56bfc062723c751e8b465ee728b)  -> (artifact id: 'f0fcad7e2700150bd2cb4f51c8931ac3') in 0.020473 seconds 
  Import took 0.024440 seconds .

========================================================================
Received Import Request.
  Time since last request: 0.000288 seconds.
  path: Assets/Samples/Cinemachine/2.6.11/Cinemachine Example Scenes/Shared/Textures/crosshair.png
  artifactKey: Guid(1a1da36a104725048b8d2388fb8d321d) Importer(815301076,1909f56bfc062723c751e8b465ee728b)
Start importing Assets/Samples/Cinemachine/2.6.11/Cinemachine Example Scenes/Shared/Textures/crosshair.png using Guid(1a1da36a104725048b8d2388fb8d321d) Importer(815301076,1909f56bfc062723c751e8b465ee728b)  -> (artifact id: 'fbbf3f21f6258b970e55c0716b6eba4d') in 0.024920 seconds 
  Import took 0.027807 seconds .

========================================================================
Received Import Request.
  Time since last request: 0.936145 seconds.
  path: Assets/Samples/Cinemachine/2.6.11/Cinemachine Example Scenes/Shared/Models/UnityCharacter/Models/Textures/DefaultMale_Albedo.tif
  artifactKey: Guid(7299335822211614ba0371ee22e46641) Importer(815301076,1909f56bfc062723c751e8b465ee728b)
Start importing Assets/Samples/Cinemachine/2.6.11/Cinemachine Example Scenes/Shared/Models/UnityCharacter/Models/Textures/DefaultMale_Albedo.tif using Guid(7299335822211614ba0371ee22e46641) Importer(815301076,1909f56bfc062723c751e8b465ee728b)  -> (artifact id: 'cc7c7bfdf05b1ea5bd4ce3eceb006fdf') in 0.013911 seconds 
  Import took 0.017059 seconds .

========================================================================
Received Import Request.
  Time since last request: 0.498296 seconds.
  path: Assets/Samples/Cinemachine/2.6.11/Cinemachine Example Scenes/Shared/Models/UnityCharacter/Models/Textures/DefaultMale_Normal.tif
  artifactKey: Guid(dd91d06b39ab6db48974409beafe5d94) Importer(815301076,1909f56bfc062723c751e8b465ee728b)
Start importing Assets/Samples/Cinemachine/2.6.11/Cinemachine Example Scenes/Shared/Models/UnityCharacter/Models/Textures/DefaultMale_Normal.tif using Guid(dd91d06b39ab6db48974409beafe5d94) Importer(815301076,1909f56bfc062723c751e8b465ee728b)  -> (artifact id: 'f8c6c74df96692cbc15ea1bf6ecb6c89') in 0.009748 seconds 
  Import took 0.013020 seconds .

========================================================================
Received Import Request.
  Time since last request: 0.134701 seconds.
  path: Assets/Samples/Cinemachine/2.6.11/Cinemachine Example Scenes/Shared/Models/UnityCharacter/Models/Textures/DefaultMale_Occlusion.tif
  artifactKey: Guid(6ea50cf81e05dce4395defcd7888072c) Importer(815301076,1909f56bfc062723c751e8b465ee728b)
Start importing Assets/Samples/Cinemachine/2.6.11/Cinemachine Example Scenes/Shared/Models/UnityCharacter/Models/Textures/DefaultMale_Occlusion.tif using Guid(6ea50cf81e05dce4395defcd7888072c) Importer(815301076,1909f56bfc062723c751e8b465ee728b)  -> (artifact id: 'd609605e218989cc47fcb7d9b6f70442') in 0.007308 seconds 
  Import took 0.010739 seconds .

========================================================================
Received Import Request.
  Time since last request: 0.709151 seconds.
  path: Assets/Samples/Cinemachine/2.6.11/Cinemachine Example Scenes/Shared/Models/UnityCharacter/Models/Textures/DefaultMale_SpecSmooth.tif
  artifactKey: Guid(06686e008e7b12547a5a262955f45de2) Importer(815301076,1909f56bfc062723c751e8b465ee728b)
Start importing Assets/Samples/Cinemachine/2.6.11/Cinemachine Example Scenes/Shared/Models/UnityCharacter/Models/Textures/DefaultMale_SpecSmooth.tif using Guid(06686e008e7b12547a5a262955f45de2) Importer(815301076,1909f56bfc062723c751e8b465ee728b)  -> (artifact id: '471e38a039b850c1eb9a963a2732117f') in 0.006865 seconds 
  Import took 0.010525 seconds .

========================================================================
Received Import Request.
  Time since last request: 0.476989 seconds.
  path: Assets/Samples/Cinemachine/2.6.11/Cinemachine Example Scenes/Shared/Textures/GridBox_blue.png
  artifactKey: Guid(f63eea91ff30e6d48800caa1ebc457ef) Importer(815301076,1909f56bfc062723c751e8b465ee728b)
Start importing Assets/Samples/Cinemachine/2.6.11/Cinemachine Example Scenes/Shared/Textures/GridBox_blue.png using Guid(f63eea91ff30e6d48800caa1ebc457ef) Importer(815301076,1909f56bfc062723c751e8b465ee728b)  -> (artifact id: '5a2b265458822e5ad4cf806959b6f255') in 0.006584 seconds 
  Import took 0.009819 seconds .

========================================================================
Received Import Request.
  Time since last request: 0.630526 seconds.
  path: Assets/Samples/Cinemachine/2.6.11/Cinemachine Example Scenes/Shared/Textures/GridBox_Default.png
  artifactKey: Guid(9470468fda72f4773a90a0306decbf0f) Importer(815301076,1909f56bfc062723c751e8b465ee728b)
Start importing Assets/Samples/Cinemachine/2.6.11/Cinemachine Example Scenes/Shared/Textures/GridBox_Default.png using Guid(9470468fda72f4773a90a0306decbf0f) Importer(815301076,1909f56bfc062723c751e8b465ee728b)  -> (artifact id: '4b613ce19825c017e3ec5cd9b354ab80') in 0.006738 seconds 
  Import took 0.009885 seconds .

========================================================================
Received Import Request.
  Time since last request: 0.746257 seconds.
  path: Assets/Samples/Cinemachine/2.6.11/Cinemachine Example Scenes/Shared/Textures/GridBox_Trigger.tga
  artifactKey: Guid(1ba5e9ac4a1333240aade937f08bbcff) Importer(815301076,1909f56bfc062723c751e8b465ee728b)
Start importing Assets/Samples/Cinemachine/2.6.11/Cinemachine Example Scenes/Shared/Textures/GridBox_Trigger.tga using Guid(1ba5e9ac4a1333240aade937f08bbcff) Importer(815301076,1909f56bfc062723c751e8b465ee728b)  -> (artifact id: '66486679f398cdd967c5ebbe7c251232') in 0.022427 seconds 
  Import took 0.025492 seconds .

========================================================================
Received Import Request.
  Time since last request: 0.234188 seconds.
  path: Assets/Samples/Cinemachine/2.6.11/Cinemachine Example Scenes/Shared/Textures/GridBox_Trigger.png
  artifactKey: Guid(a14ac3ec63e90e7419f00be590aed374) Importer(815301076,1909f56bfc062723c751e8b465ee728b)
Start importing Assets/Samples/Cinemachine/2.6.11/Cinemachine Example Scenes/Shared/Textures/GridBox_Trigger.png using Guid(a14ac3ec63e90e7419f00be590aed374) Importer(815301076,1909f56bfc062723c751e8b465ee728b)  -> (artifact id: '9a920d8adb395a609d30c725789b2beb') in 0.007024 seconds 
  Import took 0.010391 seconds .

========================================================================
Received Import Request.
  Time since last request: 0.153448 seconds.
  path: Assets/Samples/Cinemachine/2.6.11/Cinemachine Example Scenes/Scenes/Anywhere Door/Lightmap-0_comp_dir.png
  artifactKey: Guid(49f39d631ef86416c9eef8f45c543517) Importer(815301076,1909f56bfc062723c751e8b465ee728b)
Start importing Assets/Samples/Cinemachine/2.6.11/Cinemachine Example Scenes/Scenes/Anywhere Door/Lightmap-0_comp_dir.png using Guid(49f39d631ef86416c9eef8f45c543517) Importer(815301076,1909f56bfc062723c751e8b465ee728b)  -> (artifact id: '3eb29bc021bee4f5cd5748fb7f8f7faf') in 0.008345 seconds 
  Import took 0.011582 seconds .

========================================================================
Received Import Request.
  Time since last request: 0.776330 seconds.
  path: Assets/Samples/Cinemachine/2.6.11/Cinemachine Example Scenes/Scenes/Anywhere Door/Lightmap-0_comp_light.exr
  artifactKey: Guid(6d40b024da9664dd89399754274f6761) Importer(815301076,1909f56bfc062723c751e8b465ee728b)
Start importing Assets/Samples/Cinemachine/2.6.11/Cinemachine Example Scenes/Scenes/Anywhere Door/Lightmap-0_comp_light.exr using Guid(6d40b024da9664dd89399754274f6761) Importer(815301076,1909f56bfc062723c751e8b465ee728b)  -> (artifact id: '2562c780013394174b0d3190ace16404') in 0.014751 seconds 
  Import took 0.018256 seconds .

========================================================================
Received Import Request.
  Time since last request: 0.598100 seconds.
  path: Assets/Samples/Cinemachine/2.6.11/Cinemachine Example Scenes/Scenes/CameraMagnets/Proximity.png
  artifactKey: Guid(a29985f57f2a444dcae5c5e3a1ad420b) Importer(815301076,1909f56bfc062723c751e8b465ee728b)
Start importing Assets/Samples/Cinemachine/2.6.11/Cinemachine Example Scenes/Scenes/CameraMagnets/Proximity.png using Guid(a29985f57f2a444dcae5c5e3a1ad420b) Importer(815301076,1909f56bfc062723c751e8b465ee728b)  -> (artifact id: '95fdfb8c5fb5f5e51c9eec025906e772') in 0.010067 seconds 
  Import took 0.013363 seconds .

========================================================================
Received Import Request.
  Time since last request: 0.490063 seconds.
  path: Assets/Samples/Cinemachine/2.6.11/Cinemachine Example Scenes/Scenes/Anywhere Door/ReflectionProbe-0.exr
  artifactKey: Guid(a16639fe411a545a9a8d7f17cf816377) Importer(815301076,1909f56bfc062723c751e8b465ee728b)
Start importing Assets/Samples/Cinemachine/2.6.11/Cinemachine Example Scenes/Scenes/Anywhere Door/ReflectionProbe-0.exr using Guid(a16639fe411a545a9a8d7f17cf816377) Importer(815301076,1909f56bfc062723c751e8b465ee728b)  -> (artifact id: '69319ad888ea468c3fb14927c1f321ea') in 0.019202 seconds 
  Import took 0.022415 seconds .

========================================================================
Received Prepare
Registering precompiled user dll's ...
Registered in 0.003162 seconds.
Begin MonoManager ReloadAssembly
Native extension for WindowsStandalone target not found
Refreshing native plugins compatible for Editor in 0.34 ms, found 2 plugins.
Preloading 0 native plugins for Editor in 0.00 ms.
Mono: successfully reloaded assembly
- Completed reload, in  1.125 seconds
Domain Reload Profiling:
	ReloadAssembly (1125ms)
		BeginReloadAssembly (134ms)
			ExecutionOrderSort (0ms)
			DisableScriptedObjects (5ms)
			BackupInstance (0ms)
			ReleaseScriptingObjects (0ms)
			CreateAndSetChildDomain (42ms)
		EndReloadAssembly (901ms)
			LoadAssemblies (116ms)
			RebuildTransferFunctionScriptingTraits (0ms)
			SetupTypeCache (311ms)
			ReleaseScriptCaches (1ms)
			RebuildScriptCaches (46ms)
			SetupLoadedEditorAssemblies (319ms)
				LogAssemblyErrors (0ms)
				InitializePlatformSupportModulesInManaged (5ms)
				SetLoadedEditorAssemblies (0ms)
				RefreshPlugins (0ms)
				BeforeProcessingInitializeOnLoad (56ms)
				ProcessInitializeOnLoadAttributes (245ms)
				ProcessInitializeOnLoadMethodAttributes (4ms)
				AfterProcessingInitializeOnLoad (8ms)
				EditorAssembliesLoaded (0ms)
			ExecutionOrderSort2 (0ms)
			AwakeInstancesAfterBackupRestoration (9ms)
Platform modules already initialized, skipping
Refreshing native plugins compatible for Editor in 0.38 ms, found 2 plugins.
Preloading 0 native plugins for Editor in 0.00 ms.
Unloading 1562 Unused Serialized files (Serialized files now loaded: 0)
System memory in use before: 89.0 MB.
System memory in use after: 89.1 MB.

Unloading 13 unused Assets to reduce memory usage. Loaded Objects now: 2075.
Total: 4.247500 ms (FindLiveObjects: 0.159500 ms CreateObjectMapping: 0.059200 ms MarkObjects: 3.968900 ms  DeleteObjects: 0.058400 ms)

AssetImportParameters requested are different than current active one (requested -> active):
  custom:framework-win-MediaFoundation: 216162199b28c13a410421893ffa2e32 -> 
  custom:video-decoder-ogg-theora: a1e56fd34408186e4bbccfd4996cb3dc -> 
  custom:container-muxer-webm: aa71ff27fc2769a1b78a27578f13a17b -> 
  custom:container-demuxer-webm: 4f35f7cbe854078d1ac9338744f61a02 -> 
  custom:container-demuxer-ogg: 62fdf1f143b41e24485cea50d1cbac27 -> 
  custom:video-encoder-webm-vp8: eb34c28f22e8b96e1ab97ce403110664 -> 
  custom:video-decoder-webm-vp8: 9c59270c3fd7afecdb556c50c9e8de78 -> 
  custom:audio-decoder-ogg-vorbis: bf7c407c2cedff20999df2af8eb42d56 -> 
  custom:audio-encoder-webm-vorbis: bf7c407c2cedff20999df2af8eb42d56 -> 
========================================================================
Received Import Request.
  Time since last request: 599.692187 seconds.
  path: Assets/scripts/PlayerController.cs
  artifactKey: Guid(76c0051910d13234f8b84941b70e1a03) Importer(815301076,1909f56bfc062723c751e8b465ee728b)
Start importing Assets/scripts/PlayerController.cs using Guid(76c0051910d13234f8b84941b70e1a03) Importer(815301076,1909f56bfc062723c751e8b465ee728b)  -> (artifact id: '57ca8e546309dcdcaaf217a364dd6676') in 0.004144 seconds 
  Import took 0.007116 seconds .

========================================================================
Received Prepare
Registering precompiled user dll's ...
Registered in 0.005958 seconds.
Begin MonoManager ReloadAssembly
Native extension for WindowsStandalone target not found
Refreshing native plugins compatible for Editor in 0.35 ms, found 2 plugins.
Preloading 0 native plugins for Editor in 0.00 ms.
Mono: successfully reloaded assembly
- Completed reload, in  1.083 seconds
Domain Reload Profiling:
	ReloadAssembly (1083ms)
		BeginReloadAssembly (118ms)
			ExecutionOrderSort (0ms)
			DisableScriptedObjects (5ms)
			BackupInstance (0ms)
			ReleaseScriptingObjects (0ms)
			CreateAndSetChildDomain (36ms)
		EndReloadAssembly (889ms)
			LoadAssemblies (100ms)
			RebuildTransferFunctionScriptingTraits (0ms)
			SetupTypeCache (315ms)
			ReleaseScriptCaches (1ms)
			RebuildScriptCaches (46ms)
			SetupLoadedEditorAssemblies (321ms)
				LogAssemblyErrors (0ms)
				InitializePlatformSupportModulesInManaged (6ms)
				SetLoadedEditorAssemblies (1ms)
				RefreshPlugins (0ms)
				BeforeProcessingInitializeOnLoad (55ms)
				ProcessInitializeOnLoadAttributes (247ms)
				ProcessInitializeOnLoadMethodAttributes (5ms)
				AfterProcessingInitializeOnLoad (7ms)
				EditorAssembliesLoaded (0ms)
			ExecutionOrderSort2 (0ms)
			AwakeInstancesAfterBackupRestoration (8ms)
Platform modules already initialized, skipping
Refreshing native plugins compatible for Editor in 0.38 ms, found 2 plugins.
Preloading 0 native plugins for Editor in 0.00 ms.
Unloading 1562 Unused Serialized files (Serialized files now loaded: 0)
System memory in use before: 89.0 MB.
System memory in use after: 89.1 MB.

Unloading 12 unused Assets to reduce memory usage. Loaded Objects now: 2077.
Total: 5.052100 ms (FindLiveObjects: 0.192900 ms CreateObjectMapping: 0.107300 ms MarkObjects: 4.683600 ms  DeleteObjects: 0.066700 ms)

AssetImportParameters requested are different than current active one (requested -> active):
  custom:framework-win-MediaFoundation: 216162199b28c13a410421893ffa2e32 -> 
  custom:video-decoder-ogg-theora: a1e56fd34408186e4bbccfd4996cb3dc -> 
  custom:container-muxer-webm: aa71ff27fc2769a1b78a27578f13a17b -> 
  custom:container-demuxer-webm: 4f35f7cbe854078d1ac9338744f61a02 -> 
  custom:container-demuxer-ogg: 62fdf1f143b41e24485cea50d1cbac27 -> 
  custom:video-encoder-webm-vp8: eb34c28f22e8b96e1ab97ce403110664 -> 
  custom:video-decoder-webm-vp8: 9c59270c3fd7afecdb556c50c9e8de78 -> 
  custom:audio-decoder-ogg-vorbis: bf7c407c2cedff20999df2af8eb42d56 -> 
  custom:audio-encoder-webm-vorbis: bf7c407c2cedff20999df2af8eb42d56 -> 
========================================================================
Received Prepare
Registering precompiled user dll's ...
Registered in 0.003359 seconds.
Begin MonoManager ReloadAssembly
Native extension for WindowsStandalone target not found
Refreshing native plugins compatible for Editor in 0.34 ms, found 2 plugins.
Preloading 0 native plugins for Editor in 0.00 ms.
Mono: successfully reloaded assembly
- Completed reload, in  1.048 seconds
Domain Reload Profiling:
	ReloadAssembly (1049ms)
		BeginReloadAssembly (111ms)
			ExecutionOrderSort (0ms)
			DisableScriptedObjects (4ms)
			BackupInstance (0ms)
			ReleaseScriptingObjects (0ms)
			CreateAndSetChildDomain (32ms)
		EndReloadAssembly (865ms)
			LoadAssemblies (97ms)
			RebuildTransferFunctionScriptingTraits (0ms)
			SetupTypeCache (299ms)
			ReleaseScriptCaches (1ms)
			RebuildScriptCaches (45ms)
			SetupLoadedEditorAssemblies (315ms)
				LogAssemblyErrors (0ms)
				InitializePlatformSupportModulesInManaged (5ms)
				SetLoadedEditorAssemblies (0ms)
				RefreshPlugins (0ms)
				BeforeProcessingInitializeOnLoad (54ms)
				ProcessInitializeOnLoadAttributes (242ms)
				ProcessInitializeOnLoadMethodAttributes (5ms)
				AfterProcessingInitializeOnLoad (8ms)
				EditorAssembliesLoaded (0ms)
			ExecutionOrderSort2 (0ms)
			AwakeInstancesAfterBackupRestoration (8ms)
Platform modules already initialized, skipping
Refreshing native plugins compatible for Editor in 0.49 ms, found 2 plugins.
Preloading 0 native plugins for Editor in 0.00 ms.
Unloading 1562 Unused Serialized files (Serialized files now loaded: 0)
System memory in use before: 89.0 MB.
System memory in use after: 89.1 MB.

Unloading 12 unused Assets to reduce memory usage. Loaded Objects now: 2079.
Total: 3.474900 ms (FindLiveObjects: 0.156100 ms CreateObjectMapping: 0.053600 ms MarkObjects: 3.218200 ms  DeleteObjects: 0.046000 ms)

AssetImportParameters requested are different than current active one (requested -> active):
  custom:framework-win-MediaFoundation: 216162199b28c13a410421893ffa2e32 -> 
  custom:video-decoder-ogg-theora: a1e56fd34408186e4bbccfd4996cb3dc -> 
  custom:container-muxer-webm: aa71ff27fc2769a1b78a27578f13a17b -> 
  custom:container-demuxer-webm: 4f35f7cbe854078d1ac9338744f61a02 -> 
  custom:container-demuxer-ogg: 62fdf1f143b41e24485cea50d1cbac27 -> 
  custom:video-encoder-webm-vp8: eb34c28f22e8b96e1ab97ce403110664 -> 
  custom:video-decoder-webm-vp8: 9c59270c3fd7afecdb556c50c9e8de78 -> 
  custom:audio-decoder-ogg-vorbis: bf7c407c2cedff20999df2af8eb42d56 -> 
  custom:audio-encoder-webm-vorbis: bf7c407c2cedff20999df2af8eb42d56 -> 
========================================================================
Received Prepare
Registering precompiled user dll's ...
Registered in 0.002990 seconds.
Begin MonoManager ReloadAssembly
Native extension for WindowsStandalone target not found
Refreshing native plugins compatible for Editor in 0.39 ms, found 2 plugins.
Preloading 0 native plugins for Editor in 0.00 ms.
Mono: successfully reloaded assembly
- Completed reload, in  1.058 seconds
Domain Reload Profiling:
	ReloadAssembly (1058ms)
		BeginReloadAssembly (122ms)
			ExecutionOrderSort (0ms)
			DisableScriptedObjects (5ms)
			BackupInstance (0ms)
			ReleaseScriptingObjects (0ms)
			CreateAndSetChildDomain (31ms)
		EndReloadAssembly (865ms)
			LoadAssemblies (99ms)
			RebuildTransferFunctionScriptingTraits (0ms)
			SetupTypeCache (308ms)
			ReleaseScriptCaches (1ms)
			RebuildScriptCaches (45ms)
			SetupLoadedEditorAssemblies (309ms)
				LogAssemblyErrors (0ms)
				InitializePlatformSupportModulesInManaged (6ms)
				SetLoadedEditorAssemblies (1ms)
				RefreshPlugins (0ms)
				BeforeProcessingInitializeOnLoad (55ms)
				ProcessInitializeOnLoadAttributes (236ms)
				ProcessInitializeOnLoadMethodAttributes (4ms)
				AfterProcessingInitializeOnLoad (7ms)
				EditorAssembliesLoaded (0ms)
			ExecutionOrderSort2 (0ms)
			AwakeInstancesAfterBackupRestoration (8ms)
Platform modules already initialized, skipping
Refreshing native plugins compatible for Editor in 1.46 ms, found 2 plugins.
Preloading 0 native plugins for Editor in 0.00 ms.
Unloading 1562 Unused Serialized files (Serialized files now loaded: 0)
System memory in use before: 89.0 MB.
System memory in use after: 89.1 MB.

Unloading 12 unused Assets to reduce memory usage. Loaded Objects now: 2081.
Total: 3.174400 ms (FindLiveObjects: 0.158900 ms CreateObjectMapping: 0.057200 ms MarkObjects: 2.927200 ms  DeleteObjects: 0.030200 ms)

AssetImportParameters requested are different than current active one (requested -> active):
  custom:framework-win-MediaFoundation: 216162199b28c13a410421893ffa2e32 -> 
  custom:video-decoder-ogg-theora: a1e56fd34408186e4bbccfd4996cb3dc -> 
  custom:container-muxer-webm: aa71ff27fc2769a1b78a27578f13a17b -> 
  custom:container-demuxer-webm: 4f35f7cbe854078d1ac9338744f61a02 -> 
  custom:container-demuxer-ogg: 62fdf1f143b41e24485cea50d1cbac27 -> 
  custom:video-encoder-webm-vp8: eb34c28f22e8b96e1ab97ce403110664 -> 
  custom:video-decoder-webm-vp8: 9c59270c3fd7afecdb556c50c9e8de78 -> 
  custom:audio-decoder-ogg-vorbis: bf7c407c2cedff20999df2af8eb42d56 -> 
  custom:audio-encoder-webm-vorbis: bf7c407c2cedff20999df2af8eb42d56 -> 
========================================================================
Received Prepare
Registering precompiled user dll's ...
Registered in 0.003099 seconds.
Begin MonoManager ReloadAssembly
Native extension for WindowsStandalone target not found
Refreshing native plugins compatible for Editor in 0.34 ms, found 2 plugins.
Preloading 0 native plugins for Editor in 0.00 ms.
Mono: successfully reloaded assembly
- Completed reload, in  1.074 seconds
Domain Reload Profiling:
	ReloadAssembly (1074ms)
		BeginReloadAssembly (124ms)
			ExecutionOrderSort (0ms)
			DisableScriptedObjects (5ms)
			BackupInstance (0ms)
			ReleaseScriptingObjects (0ms)
			CreateAndSetChildDomain (33ms)
		EndReloadAssembly (879ms)
			LoadAssemblies (101ms)
			RebuildTransferFunctionScriptingTraits (0ms)
			SetupTypeCache (295ms)
			ReleaseScriptCaches (1ms)
			RebuildScriptCaches (49ms)
			SetupLoadedEditorAssemblies (320ms)
				LogAssemblyErrors (0ms)
				InitializePlatformSupportModulesInManaged (6ms)
				SetLoadedEditorAssemblies (1ms)
				RefreshPlugins (0ms)
				BeforeProcessingInitializeOnLoad (58ms)
				ProcessInitializeOnLoadAttributes (243ms)
				ProcessInitializeOnLoadMethodAttributes (4ms)
				AfterProcessingInitializeOnLoad (8ms)
				EditorAssembliesLoaded (0ms)
			ExecutionOrderSort2 (0ms)
			AwakeInstancesAfterBackupRestoration (7ms)
Platform modules already initialized, skipping
Refreshing native plugins compatible for Editor in 0.36 ms, found 2 plugins.
Preloading 0 native plugins for Editor in 0.00 ms.
Unloading 1562 Unused Serialized files (Serialized files now loaded: 0)
System memory in use before: 89.0 MB.
System memory in use after: 89.1 MB.

Unloading 12 unused Assets to reduce memory usage. Loaded Objects now: 2083.
Total: 3.539500 ms (FindLiveObjects: 0.154000 ms CreateObjectMapping: 0.052600 ms MarkObjects: 3.298700 ms  DeleteObjects: 0.033300 ms)

AssetImportParameters requested are different than current active one (requested -> active):
  custom:framework-win-MediaFoundation: 216162199b28c13a410421893ffa2e32 -> 
  custom:video-decoder-ogg-theora: a1e56fd34408186e4bbccfd4996cb3dc -> 
  custom:container-muxer-webm: aa71ff27fc2769a1b78a27578f13a17b -> 
  custom:container-demuxer-webm: 4f35f7cbe854078d1ac9338744f61a02 -> 
  custom:container-demuxer-ogg: 62fdf1f143b41e24485cea50d1cbac27 -> 
  custom:video-encoder-webm-vp8: eb34c28f22e8b96e1ab97ce403110664 -> 
  custom:video-decoder-webm-vp8: 9c59270c3fd7afecdb556c50c9e8de78 -> 
  custom:audio-decoder-ogg-vorbis: bf7c407c2cedff20999df2af8eb42d56 -> 
  custom:audio-encoder-webm-vorbis: bf7c407c2cedff20999df2af8eb42d56 -> 
========================================================================
Received Prepare
Registering precompiled user dll's ...
Registered in 0.004972 seconds.
Begin MonoManager ReloadAssembly
Native extension for WindowsStandalone target not found
Refreshing native plugins compatible for Editor in 0.34 ms, found 2 plugins.
Preloading 0 native plugins for Editor in 0.00 ms.
Mono: successfully reloaded assembly
- Completed reload, in  1.003 seconds
Domain Reload Profiling:
	ReloadAssembly (1003ms)
		BeginReloadAssembly (110ms)
			ExecutionOrderSort (0ms)
			DisableScriptedObjects (5ms)
			BackupInstance (0ms)
			ReleaseScriptingObjects (0ms)
			CreateAndSetChildDomain (31ms)
		EndReloadAssembly (822ms)
			LoadAssemblies (94ms)
			RebuildTransferFunctionScriptingTraits (0ms)
			SetupTypeCache (280ms)
			ReleaseScriptCaches (1ms)
			RebuildScriptCaches (43ms)
			SetupLoadedEditorAssemblies (302ms)
				LogAssemblyErrors (0ms)
				InitializePlatformSupportModulesInManaged (5ms)
				SetLoadedEditorAssemblies (0ms)
				RefreshPlugins (0ms)
				BeforeProcessingInitializeOnLoad (54ms)
				ProcessInitializeOnLoadAttributes (229ms)
				ProcessInitializeOnLoadMethodAttributes (4ms)
				AfterProcessingInitializeOnLoad (8ms)
				EditorAssembliesLoaded (0ms)
			ExecutionOrderSort2 (0ms)
			AwakeInstancesAfterBackupRestoration (7ms)
Platform modules already initialized, skipping
Refreshing native plugins compatible for Editor in 0.42 ms, found 2 plugins.
Preloading 0 native plugins for Editor in 0.00 ms.
Unloading 1562 Unused Serialized files (Serialized files now loaded: 0)
System memory in use before: 89.0 MB.
System memory in use after: 89.1 MB.

Unloading 12 unused Assets to reduce memory usage. Loaded Objects now: 2085.
Total: 3.266300 ms (FindLiveObjects: 0.154000 ms CreateObjectMapping: 0.053200 ms MarkObjects: 3.017100 ms  DeleteObjects: 0.041100 ms)

AssetImportParameters requested are different than current active one (requested -> active):
  custom:framework-win-MediaFoundation: 216162199b28c13a410421893ffa2e32 -> 
  custom:video-decoder-ogg-theora: a1e56fd34408186e4bbccfd4996cb3dc -> 
  custom:container-muxer-webm: aa71ff27fc2769a1b78a27578f13a17b -> 
  custom:container-demuxer-webm: 4f35f7cbe854078d1ac9338744f61a02 -> 
  custom:container-demuxer-ogg: 62fdf1f143b41e24485cea50d1cbac27 -> 
  custom:video-encoder-webm-vp8: eb34c28f22e8b96e1ab97ce403110664 -> 
  custom:video-decoder-webm-vp8: 9c59270c3fd7afecdb556c50c9e8de78 -> 
  custom:audio-decoder-ogg-vorbis: bf7c407c2cedff20999df2af8eb42d56 -> 
  custom:audio-encoder-webm-vorbis: bf7c407c2cedff20999df2af8eb42d56 -> 
========================================================================
Received Prepare
Registering precompiled user dll's ...
Registered in 0.002976 seconds.
Begin MonoManager ReloadAssembly
Native extension for WindowsStandalone target not found
Refreshing native plugins compatible for Editor in 0.38 ms, found 2 plugins.
Preloading 0 native plugins for Editor in 0.00 ms.
Mono: successfully reloaded assembly
- Completed reload, in  1.109 seconds
Domain Reload Profiling:
	ReloadAssembly (1109ms)
		BeginReloadAssembly (128ms)
			ExecutionOrderSort (0ms)
			DisableScriptedObjects (5ms)
			BackupInstance (0ms)
			ReleaseScriptingObjects (0ms)
			CreateAndSetChildDomain (35ms)
		EndReloadAssembly (910ms)
			LoadAssemblies (106ms)
			RebuildTransferFunctionScriptingTraits (0ms)
			SetupTypeCache (313ms)
			ReleaseScriptCaches (1ms)
			RebuildScriptCaches (46ms)
			SetupLoadedEditorAssemblies (335ms)
				LogAssemblyErrors (0ms)
				InitializePlatformSupportModulesInManaged (13ms)
				SetLoadedEditorAssemblies (1ms)
				RefreshPlugins (0ms)
				BeforeProcessingInitializeOnLoad (67ms)
				ProcessInitializeOnLoadAttributes (240ms)
				ProcessInitializeOnLoadMethodAttributes (5ms)
				AfterProcessingInitializeOnLoad (8ms)
				EditorAssembliesLoaded (0ms)
			ExecutionOrderSort2 (0ms)
			AwakeInstancesAfterBackupRestoration (8ms)
Platform modules already initialized, skipping
Refreshing native plugins compatible for Editor in 0.37 ms, found 2 plugins.
Preloading 0 native plugins for Editor in 0.00 ms.
Unloading 1562 Unused Serialized files (Serialized files now loaded: 0)
System memory in use before: 89.0 MB.
System memory in use after: 89.1 MB.

Unloading 12 unused Assets to reduce memory usage. Loaded Objects now: 2087.
Total: 3.435700 ms (FindLiveObjects: 0.158800 ms CreateObjectMapping: 0.055900 ms MarkObjects: 3.179400 ms  DeleteObjects: 0.040500 ms)

AssetImportParameters requested are different than current active one (requested -> active):
  custom:framework-win-MediaFoundation: 216162199b28c13a410421893ffa2e32 -> 
  custom:video-decoder-ogg-theora: a1e56fd34408186e4bbccfd4996cb3dc -> 
  custom:container-muxer-webm: aa71ff27fc2769a1b78a27578f13a17b -> 
  custom:container-demuxer-webm: 4f35f7cbe854078d1ac9338744f61a02 -> 
  custom:container-demuxer-ogg: 62fdf1f143b41e24485cea50d1cbac27 -> 
  custom:video-encoder-webm-vp8: eb34c28f22e8b96e1ab97ce403110664 -> 
  custom:video-decoder-webm-vp8: 9c59270c3fd7afecdb556c50c9e8de78 -> 
  custom:audio-decoder-ogg-vorbis: bf7c407c2cedff20999df2af8eb42d56 -> 
  custom:audio-encoder-webm-vorbis: bf7c407c2cedff20999df2af8eb42d56 -> 
AssetImportWorkerClient::OnTransportError - code=2 error=End of file
